#
# There is insufficient memory for the Java Runtime Environment to continue.
# Native memory allocation (malloc) failed to allocate 621216 bytes. Error detail: Chunk::new
# Possible reasons:
#   The system is out of physical RAM or swap space
#   This process is running with CompressedOops enabled, and the Java Heap may be blocking the growth of the native heap
# Possible solutions:
#   Reduce memory load on the system
#   Increase physical memory or swap space
#   Check if swap backing store is full
#   Decrease Java heap size (-Xmx/-Xms)
#   Decrease number of Java threads
#   Decrease Java thread stack sizes (-Xss)
#   Set larger code cache with -XX:ReservedCodeCacheSize=
#   JVM is running with Unscaled Compressed Oops mode in which the Java heap is
#     placed in the first 4GB address space. The Java Heap base address is the
#     maximum limit for the native heap growth. Please use -XX:HeapBaseMinAddress
#     to set the Java Heap base and to place the Java Heap above 4GB virtual address.
# This output file may be truncated or incomplete.
#
#  Out of Memory Error (arena.cpp:168), pid=20896, tid=15840
#
# JRE version: OpenJDK Runtime Environment Temurin-21.0.10+7 (21.0.10+7) (build 21.0.10+7-LTS)
# Java VM: OpenJDK 64-Bit Server VM Temurin-21.0.10+7 (21.0.10+7-LTS, mixed mode, sharing, tiered, compressed oops, compressed class ptrs, parallel gc, windows-amd64)
# No core dump will be written. Minidumps are not enabled by default on client versions of Windows
#

---------------  S U M M A R Y ------------

Command Line: --add-modules=ALL-SYSTEM --add-opens=java.base/java.util=ALL-UNNAMED --add-opens=java.base/java.lang=ALL-UNNAMED --add-opens=java.base/sun.nio.fs=ALL-UNNAMED -Declipse.application=org.eclipse.jdt.ls.core.id1 -Dosgi.bundles.defaultStartLevel=4 -Declipse.product=org.eclipse.jdt.ls.core.product -Djava.import.generatesMetadataFilesAtProjectRoot=false -DDetectVMInstallationsJob.disabled=true -Dfile.encoding=utf8 -XX:+UseParallelGC -XX:GCTimeRatio=4 -XX:AdaptiveSizePolicyWeight=90 -Dsun.zip.disableMemoryMapping=true -Xmx2G -Xms100m -Xlog:disable -javaagent:c:\Users\gabri\.vscode\extensions\redhat.java-1.54.0-win32-x64\lombok\lombok-1.18.39-4050.jar -XX:+HeapDumpOnOutOfMemoryError -XX:HeapDumpPath=c:\Users\gabri\AppData\Roaming\Code\User\workspaceStorage\41177c61a576466bae8518b209a7c761\redhat.java -Daether.dependencyCollector.impl=bf c:\Users\gabri\.vscode\extensions\redhat.java-1.54.0-win32-x64\server\plugins\org.eclipse.equinox.launcher_1.7.100.v20251111-0406.jar -configuration c:\Users\gabri\AppData\Roaming\Code\User\globalStorage\redhat.java\1.54.0\config_win -data c:\Users\gabri\AppData\Roaming\Code\User\workspaceStorage\41177c61a576466bae8518b209a7c761\redhat.java\jdt_ws --pipe=\\.\pipe\lsp-9006b2485ce1ff9adfe894426ba23666-sock

Host: 12th Gen Intel(R) Core(TM) i7-1255U, 12 cores, 15G,  Windows 11 , 64 bit Build 26100 (10.0.26100.8328)
Time: Sat May 16 14:56:17 2026 Hora oficial do Brasil elapsed time: 21.966610 seconds (0d 0h 0m 21s)

---------------  T H R E A D  ---------------

Current thread (0x000002c89a684e40):  JavaThread "C2 CompilerThread0" daemon [_thread_in_native, id=15840, stack(0x000000f68f600000,0x000000f68f700000) (1024K)]


Current CompileTask:
C2:21967 4111   !   4       org.eclipse.osgi.internal.loader.classpath.ClasspathManager::findClassImpl (328 bytes)

Stack: [0x000000f68f600000,0x000000f68f700000]
Native frames: (J=compiled Java code, j=interpreted, Vv=VM code, C=native code)
V  [jvm.dll+0x6d7a39]
V  [jvm.dll+0x8b4b26]
V  [jvm.dll+0x8b70de]
V  [jvm.dll+0x8b77c3]
V  [jvm.dll+0x284346]
V  [jvm.dll+0xc66ed]
V  [jvm.dll+0xc6c31]
V  [jvm.dll+0x2fb29e]
V  [jvm.dll+0x5fe884]
V  [jvm.dll+0x255b17]
V  [jvm.dll+0x24df54]
V  [jvm.dll+0x24ba42]
V  [jvm.dll+0x1cb34e]
V  [jvm.dll+0x25b85d]
V  [jvm.dll+0x259dea]
V  [jvm.dll+0x3f857e]
V  [jvm.dll+0x85f59d]
V  [jvm.dll+0x6d626d]
C  [ucrtbase.dll+0x37b0]
C  [KERNEL32.DLL+0x2e957]
C  [ntdll.dll+0x427c]


---------------  P R O C E S S  ---------------

Threads class SMR info:
_java_thread_list=0x000002c8a0d824b0, length=23, elements={
0x000002c841956b60, 0x000002c8418e93a0, 0x000002c841a0d860, 0x000002c8418ec2c0,
0x000002c8418eefb0, 0x000002c8418f2a90, 0x000002c8418f1050, 0x000002c89a684e40,
0x000002c89a68b830, 0x000002c8418f16e0, 0x000002c8418f1d70, 0x000002c8418f2400,
0x000002c8418f44d0, 0x000002c8418f3120, 0x000002c8418f37b0, 0x000002c8418f3e40,
0x000002c89bb0aaa0, 0x000002c89bb096f0, 0x000002c89bb0b130, 0x000002c89bb08340,
0x000002c89bb09d80, 0x000002c89b8b9940, 0x000002c89bb0a410
}

Java Threads: ( => current thread )
  0x000002c841956b60 JavaThread "main"                              [_thread_blocked, id=7556, stack(0x000000f68ec00000,0x000000f68ed00000) (1024K)]
  0x000002c8418e93a0 JavaThread "Reference Handler"          daemon [_thread_blocked, id=22836, stack(0x000000f68f000000,0x000000f68f100000) (1024K)]
  0x000002c841a0d860 JavaThread "Finalizer"                  daemon [_thread_blocked, id=24488, stack(0x000000f68f100000,0x000000f68f200000) (1024K)]
  0x000002c8418ec2c0 JavaThread "Signal Dispatcher"          daemon [_thread_blocked, id=6124, stack(0x000000f68f200000,0x000000f68f300000) (1024K)]
  0x000002c8418eefb0 JavaThread "Attach Listener"            daemon [_thread_blocked, id=34436, stack(0x000000f68f300000,0x000000f68f400000) (1024K)]
  0x000002c8418f2a90 JavaThread "Service Thread"             daemon [_thread_blocked, id=23528, stack(0x000000f68f400000,0x000000f68f500000) (1024K)]
  0x000002c8418f1050 JavaThread "Monitor Deflation Thread"   daemon [_thread_blocked, id=29568, stack(0x000000f68f500000,0x000000f68f600000) (1024K)]
=>0x000002c89a684e40 JavaThread "C2 CompilerThread0"         daemon [_thread_in_native, id=15840, stack(0x000000f68f600000,0x000000f68f700000) (1024K)]
  0x000002c89a68b830 JavaThread "C1 CompilerThread0"         daemon [_thread_blocked, id=19652, stack(0x000000f68f700000,0x000000f68f800000) (1024K)]
  0x000002c8418f16e0 JavaThread "Common-Cleaner"             daemon [_thread_blocked, id=16584, stack(0x000000f68f900000,0x000000f68fa00000) (1024K)]
  0x000002c8418f1d70 JavaThread "Notification Thread"        daemon [_thread_blocked, id=16828, stack(0x000000f68f800000,0x000000f68f900000) (1024K)]
  0x000002c8418f2400 JavaThread "Active Thread: Equinox Container: c796cce4-540d-41fd-bb35-faaa6e97a141"        [_thread_blocked, id=21792, stack(0x000000f68fa00000,0x000000f68fb00000) (1024K)]
  0x000002c8418f44d0 JavaThread "Refresh Thread: Equinox Container: c796cce4-540d-41fd-bb35-faaa6e97a141" daemon [_thread_blocked, id=24516, stack(0x000000f690300000,0x000000f690400000) (1024K)]
  0x000002c8418f3120 JavaThread "Framework Event Dispatcher: Equinox Container: c796cce4-540d-41fd-bb35-faaa6e97a141" daemon [_thread_blocked, id=19800, stack(0x000000f68fb00000,0x000000f68fc00000) (1024K)]
  0x000002c8418f37b0 JavaThread "Start Level: Equinox Container: c796cce4-540d-41fd-bb35-faaa6e97a141" daemon [_thread_in_vm, id=30384, stack(0x000000f690400000,0x000000f690500000) (1024K)]
  0x000002c8418f3e40 JavaThread "Bundle File Closer"         daemon [_thread_blocked, id=32548, stack(0x000000f690800000,0x000000f690900000) (1024K)]
  0x000002c89bb0aaa0 JavaThread "SCR Component Actor"        daemon [_thread_blocked, id=12720, stack(0x000000f690500000,0x000000f690600000) (1024K)]
  0x000002c89bb096f0 JavaThread "Worker-JM"                         [_thread_blocked, id=26708, stack(0x000000f690900000,0x000000f690a00000) (1024K)]
  0x000002c89bb0b130 JavaThread "JNA Cleaner"                daemon [_thread_blocked, id=3328, stack(0x000000f690a00000,0x000000f690b00000) (1024K)]
  0x000002c89bb08340 JavaThread "Worker-0: Repository registry initialization"        [_thread_in_vm, id=14988, stack(0x000000f690b00000,0x000000f690c00000) (1024K)]
  0x000002c89bb09d80 JavaThread "Worker-1"                          [_thread_blocked, id=8272, stack(0x000000f690c00000,0x000000f690d00000) (1024K)]
  0x000002c89b8b9940 JavaThread "C2 CompilerThread1"         daemon [_thread_in_native, id=6356, stack(0x000000f690d00000,0x000000f690e00000) (1024K)]
  0x000002c89bb0a410 JavaThread "Worker-2"                          [_thread_blocked, id=35196, stack(0x000000f690e00000,0x000000f690f00000) (1024K)]
Total: 23

Other Threads:
  0x000002c8419f5890 VMThread "VM Thread"                           [id=6884, stack(0x000000f68ef00000,0x000000f68f000000) (1024K)]
  0x000002c8417dca10 WatcherThread "VM Periodic Task Thread"        [id=5884, stack(0x000000f68ee00000,0x000000f68ef00000) (1024K)]
  0x000002c841975540 WorkerThread "GC Thread#0"                     [id=35792, stack(0x000000f68ed00000,0x000000f68ee00000) (1024K)]
  0x000002c89ba94e40 WorkerThread "GC Thread#1"                     [id=21352, stack(0x000000f68fc00000,0x000000f68fd00000) (1024K)]
  0x000002c89ba951f0 WorkerThread "GC Thread#2"                     [id=16204, stack(0x000000f68fd00000,0x000000f68fe00000) (1024K)]
  0x000002c89ba955a0 WorkerThread "GC Thread#3"                     [id=29448, stack(0x000000f68fe00000,0x000000f68ff00000) (1024K)]
  0x000002c89bc691e0 WorkerThread "GC Thread#4"                     [id=17568, stack(0x000000f68ff00000,0x000000f690000000) (1024K)]
  0x000002c89bc69590 WorkerThread "GC Thread#5"                     [id=17512, stack(0x000000f690000000,0x000000f690100000) (1024K)]
  0x000002c89bc69940 WorkerThread "GC Thread#6"                     [id=21768, stack(0x000000f690100000,0x000000f690200000) (1024K)]
  0x000002c8a00edf60 WorkerThread "GC Thread#7"                     [id=17672, stack(0x000000f690200000,0x000000f690300000) (1024K)]
  0x000002c89b89a3f0 WorkerThread "GC Thread#8"                     [id=30464, stack(0x000000f690600000,0x000000f690700000) (1024K)]
  0x000002c89a7da5e0 WorkerThread "GC Thread#9"                     [id=35216, stack(0x000000f690700000,0x000000f690800000) (1024K)]
Total: 12

Threads with active compile tasks:
C2 CompilerThread0  22110 4111   !   4       org.eclipse.osgi.internal.loader.classpath.ClasspathManager::findClassImpl (328 bytes)
C2 CompilerThread1  22110 4147 %     4       sun.nio.fs.WindowsPathParser::normalize @ 18 (233 bytes)
Total: 2

VM state: not at safepoint (normal execution)

VM Mutex/Monitor currently owned by a thread:  ([mutex/lock_event])
[0x00007ffa2787c4e0] Metaspace_lock - owner thread: 0x000002c8418f37b0

Heap address: 0x0000000080000000, size: 2048 MB, Compressed Oops mode: 32-bit

CDS archive(s) mapped at: [0x000002c859000000-0x000002c859ba0000-0x000002c859ba0000), size 12189696, SharedBaseAddress: 0x000002c859000000, ArchiveRelocationMode: 1.
Compressed class space mapped at: 0x000002c85a000000-0x000002c89a000000, reserved size: 1073741824
Narrow klass base: 0x000002c859000000, Narrow klass shift: 0, Narrow klass range: 0x100000000

GC Precious Log:
 CardTable entry size: 512
 CPUs: 12 total, 12 available
 Memory: 16068M
 Large Page Support: Disabled
 NUMA Support: Disabled
 Compressed Oops: Enabled (32-bit)
 Alignments: Space 512K, Generation 512K, Heap 2M
 Heap Min Capacity: 100M
 Heap Initial Capacity: 100M
 Heap Max Capacity: 2G
 Pre-touch: Disabled
 Parallel Workers: 10

Heap:
 PSYoungGen      total 27648K, used 22085K [0x00000000d5580000, 0x00000000d7600000, 0x0000000100000000)
  eden space 24064K, 77% used [0x00000000d5580000,0x00000000d67c4208,0x00000000d6d00000)
  from space 3584K, 94% used [0x00000000d7280000,0x00000000d75cd3f8,0x00000000d7600000)
  to   space 4096K, 0% used [0x00000000d6e00000,0x00000000d6e00000,0x00000000d7200000)
 ParOldGen       total 68608K, used 13189K [0x0000000080000000, 0x0000000084300000, 0x00000000d5580000)
  object space 68608K, 19% used [0x0000000080000000,0x0000000080ce17a8,0x0000000084300000)
 Metaspace       used 25479K, committed 26432K, reserved 1114112K
  class space    used 2613K, committed 3008K, reserved 1048576K

Card table byte_map: [0x000002c8412f0000,0x000002c841700000] _byte_map_base: 0x000002c840ef0000

Marking Bits: (ParMarkBitMap*) 0x00007ffa27883450
 Begin Bits: [0x000002c853e00000, 0x000002c855e00000)
 End Bits:   [0x000002c855e00000, 0x000002c857e00000)

Polling page: 0x000002c83f540000

Metaspace:

Usage:
  Non-class:     22.33 MB used.
      Class:      2.55 MB used.
       Both:     24.88 MB used.

Virtual space:
  Non-class space:       64.00 MB reserved,      22.88 MB ( 36%) committed,  1 nodes.
      Class space:        1.00 GB reserved,       2.94 MB ( <1%) committed,  1 nodes.
             Both:        1.06 GB reserved,      25.81 MB (  2%) committed. 

Chunk freelists:
   Non-Class:  8.80 MB
       Class:  12.97 MB
        Both:  21.77 MB

MaxMetaspaceSize: unlimited
CompressedClassSpaceSize: 1.00 GB
Initial GC threshold: 21.00 MB
Current GC threshold: 35.00 MB
CDS: on
 - commit_granule_bytes: 65536.
 - commit_granule_words: 8192.
 - virtual_space_node_default_size: 8388608.
 - enlarge_chunks_in_place: 1.
 - use_allocation_guard: 0.


Internal statistics:

num_allocs_failed_limit: 3.
num_arena_births: 826.
num_arena_deaths: 14.
num_vsnodes_births: 2.
num_vsnodes_deaths: 0.
num_space_committed: 413.
num_space_uncommitted: 0.
num_chunks_returned_to_freelist: 17.
num_chunks_taken_from_freelist: 1910.
num_chunk_merges: 7.
num_chunk_splits: 1192.
num_chunks_enlarged: 693.
num_inconsistent_stats: 0.

CodeHeap 'non-profiled nmethods': size=120000Kb used=1817Kb max_used=1817Kb free=118182Kb
 bounds [0x000002c84c620000, 0x000002c84c890000, 0x000002c853b50000]
CodeHeap 'profiled nmethods': size=120000Kb used=8616Kb max_used=8616Kb free=111383Kb
 bounds [0x000002c844b50000, 0x000002c8453c0000, 0x000002c84c080000]
CodeHeap 'non-nmethods': size=5760Kb used=1319Kb max_used=1336Kb free=4440Kb
 bounds [0x000002c84c080000, 0x000002c84c2f0000, 0x000002c84c620000]
CodeCache: size=245760Kb, used=11752Kb, max_used=11769Kb, free=234005Kb
 total_blobs=4746, nmethods=4142, adapters=510, full_count=0
Compilation: enabled, stopped_count=0, restarted_count=0

Compilation events (20 events):
Event: 21.812 Thread 0x000002c89b8b9940 4134       4       java.util.Objects::equals (23 bytes)
Event: 21.814 Thread 0x000002c89b8b9940 nmethod 4134 0x000002c84c7e4110 code [0x000002c84c7e42a0, 0x000002c84c7e4348]
Event: 21.814 Thread 0x000002c89b8b9940 4136       4       java.util.regex.Pattern$$Lambda/0x800000031::is (9 bytes)
Event: 21.815 Thread 0x000002c89a68b830 nmethod 4140 0x000002c8453b3c90 code [0x000002c8453b4000, 0x000002c8453b5630]
Event: 21.815 Thread 0x000002c89a68b830 4133       3       java.lang.Module::isStaticallyExportedOrOpen (70 bytes)
Event: 21.816 Thread 0x000002c89a68b830 nmethod 4133 0x000002c8453b5e90 code [0x000002c8453b60a0, 0x000002c8453b6750]
Event: 21.817 Thread 0x000002c89a68b830 4130       1       org.eclipse.core.internal.jobs.InternalJob::previous (5 bytes)
Event: 21.817 Thread 0x000002c89a68b830 nmethod 4130 0x000002c84c7e4410 code [0x000002c84c7e45a0, 0x000002c84c7e4668]
Event: 21.818 Thread 0x000002c89b8b9940 nmethod 4136 0x000002c84c7e4710 code [0x000002c84c7e48a0, 0x000002c84c7e49d0]
Event: 21.852 Thread 0x000002c89b8b9940 4141       4       org.eclipse.osgi.internal.loader.classpath.ClasspathEntry::findEntry (56 bytes)
Event: 21.858 Thread 0x000002c89a68b830 4142       3       org.eclipse.osgi.internal.loader.sources.PackageSource::<init> (13 bytes)
Event: 21.859 Thread 0x000002c89a68b830 nmethod 4142 0x000002c8453b6910 code [0x000002c8453b6ac0, 0x000002c8453b6c88]
Event: 21.869 Thread 0x000002c89a68b830 4143   !   3       org.eclipse.equinox.launcher.JNIBridge::updateSplash (25 bytes)
Event: 21.872 Thread 0x000002c89a68b830 nmethod 4143 0x000002c8453b6d90 code [0x000002c8453b7000, 0x000002c8453b77b8]
Event: 21.920 Thread 0x000002c89a68b830 4144   !   3       org.eclipse.core.runtime.internal.adaptor.DefaultStartupMonitor::update (25 bytes)
Event: 21.922 Thread 0x000002c89a68b830 nmethod 4144 0x000002c8453b7a90 code [0x000002c8453b7ce0, 0x000002c8453b8428]
Event: 21.923 Thread 0x000002c89a68b830 4145       3       java.lang.invoke.DirectMethodHandle$Holder::invokeSpecial (14 bytes)
Event: 21.923 Thread 0x000002c89a68b830 nmethod 4145 0x000002c8453b8790 code [0x000002c8453b8960, 0x000002c8453b8e00]
Event: 21.923 Thread 0x000002c89a68b830 4146       3       org.eclipse.equinox.launcher.Main$SplashHandler::updateSplash (32 bytes)
Event: 21.925 Thread 0x000002c89a68b830 nmethod 4146 0x000002c8453b8f10 code [0x000002c8453b9180, 0x000002c8453b9a20]

GC Heap History (18 events):
Event: 2.569 GC heap before
{Heap before GC invocations=1 (full 0):
 PSYoungGen      total 29696K, used 25600K [0x00000000d5580000, 0x00000000d7680000, 0x0000000100000000)
  eden space 25600K, 100% used [0x00000000d5580000,0x00000000d6e80000,0x00000000d6e80000)
  from space 4096K, 0% used [0x00000000d7280000,0x00000000d7280000,0x00000000d7680000)
  to   space 4096K, 0% used [0x00000000d6e80000,0x00000000d6e80000,0x00000000d7280000)
 ParOldGen       total 68608K, used 0K [0x0000000080000000, 0x0000000084300000, 0x00000000d5580000)
  object space 68608K, 0% used [0x0000000080000000,0x0000000080000000,0x0000000084300000)
 Metaspace       used 4316K, committed 4608K, reserved 1114112K
  class space    used 473K, committed 576K, reserved 1048576K
}
Event: 2.612 GC heap after
{Heap after GC invocations=1 (full 0):
 PSYoungGen      total 29696K, used 3312K [0x00000000d5580000, 0x00000000d7680000, 0x0000000100000000)
  eden space 25600K, 0% used [0x00000000d5580000,0x00000000d5580000,0x00000000d6e80000)
  from space 4096K, 80% used [0x00000000d6e80000,0x00000000d71bc148,0x00000000d7280000)
  to   space 4096K, 0% used [0x00000000d7280000,0x00000000d7280000,0x00000000d7680000)
 ParOldGen       total 68608K, used 16K [0x0000000080000000, 0x0000000084300000, 0x00000000d5580000)
  object space 68608K, 0% used [0x0000000080000000,0x0000000080004000,0x0000000084300000)
 Metaspace       used 4316K, committed 4608K, reserved 1114112K
  class space    used 473K, committed 576K, reserved 1048576K
}
Event: 6.628 GC heap before
{Heap before GC invocations=2 (full 0):
 PSYoungGen      total 29696K, used 28912K [0x00000000d5580000, 0x00000000d7680000, 0x0000000100000000)
  eden space 25600K, 100% used [0x00000000d5580000,0x00000000d6e80000,0x00000000d6e80000)
  from space 4096K, 80% used [0x00000000d6e80000,0x00000000d71bc148,0x00000000d7280000)
  to   space 4096K, 0% used [0x00000000d7280000,0x00000000d7280000,0x00000000d7680000)
 ParOldGen       total 68608K, used 16K [0x0000000080000000, 0x0000000084300000, 0x00000000d5580000)
  object space 68608K, 0% used [0x0000000080000000,0x0000000080004000,0x0000000084300000)
 Metaspace       used 7979K, committed 8256K, reserved 1114112K
  class space    used 831K, committed 960K, reserved 1048576K
}
Event: 6.651 GC heap after
{Heap after GC invocations=2 (full 0):
 PSYoungGen      total 29696K, used 4071K [0x00000000d5580000, 0x00000000d7680000, 0x0000000100000000)
  eden space 25600K, 0% used [0x00000000d5580000,0x00000000d5580000,0x00000000d6e80000)
  from space 4096K, 99% used [0x00000000d7280000,0x00000000d7679e98,0x00000000d7680000)
  to   space 4096K, 0% used [0x00000000d6e80000,0x00000000d6e80000,0x00000000d7280000)
 ParOldGen       total 68608K, used 2116K [0x0000000080000000, 0x0000000084300000, 0x00000000d5580000)
  object space 68608K, 3% used [0x0000000080000000,0x0000000080211030,0x0000000084300000)
 Metaspace       used 7979K, committed 8256K, reserved 1114112K
  class space    used 831K, committed 960K, reserved 1048576K
}
Event: 8.625 GC heap before
{Heap before GC invocations=3 (full 0):
 PSYoungGen      total 29696K, used 29671K [0x00000000d5580000, 0x00000000d7680000, 0x0000000100000000)
  eden space 25600K, 100% used [0x00000000d5580000,0x00000000d6e80000,0x00000000d6e80000)
  from space 4096K, 99% used [0x00000000d7280000,0x00000000d7679e98,0x00000000d7680000)
  to   space 4096K, 0% used [0x00000000d6e80000,0x00000000d6e80000,0x00000000d7280000)
 ParOldGen       total 68608K, used 2116K [0x0000000080000000, 0x0000000084300000, 0x00000000d5580000)
  object space 68608K, 3% used [0x0000000080000000,0x0000000080211030,0x0000000084300000)
 Metaspace       used 9436K, committed 9792K, reserved 1114112K
  class space    used 1008K, committed 1152K, reserved 1048576K
}
Event: 8.646 GC heap after
{Heap after GC invocations=3 (full 0):
 PSYoungGen      total 29696K, used 4065K [0x00000000d5580000, 0x00000000d7680000, 0x0000000100000000)
  eden space 25600K, 0% used [0x00000000d5580000,0x00000000d5580000,0x00000000d6e80000)
  from space 4096K, 99% used [0x00000000d6e80000,0x00000000d7278548,0x00000000d7280000)
  to   space 4096K, 0% used [0x00000000d7280000,0x00000000d7280000,0x00000000d7680000)
 ParOldGen       total 68608K, used 5173K [0x0000000080000000, 0x0000000084300000, 0x00000000d5580000)
  object space 68608K, 7% used [0x0000000080000000,0x000000008050d4a0,0x0000000084300000)
 Metaspace       used 9436K, committed 9792K, reserved 1114112K
  class space    used 1008K, committed 1152K, reserved 1048576K
}
Event: 12.226 GC heap before
{Heap before GC invocations=4 (full 0):
 PSYoungGen      total 29696K, used 29665K [0x00000000d5580000, 0x00000000d7680000, 0x0000000100000000)
  eden space 25600K, 100% used [0x00000000d5580000,0x00000000d6e80000,0x00000000d6e80000)
  from space 4096K, 99% used [0x00000000d6e80000,0x00000000d7278548,0x00000000d7280000)
  to   space 4096K, 0% used [0x00000000d7280000,0x00000000d7280000,0x00000000d7680000)
 ParOldGen       total 68608K, used 5173K [0x0000000080000000, 0x0000000084300000, 0x00000000d5580000)
  object space 68608K, 7% used [0x0000000080000000,0x000000008050d4a0,0x0000000084300000)
 Metaspace       used 11599K, committed 11968K, reserved 1114112K
  class space    used 1221K, committed 1408K, reserved 1048576K
}
Event: 12.242 GC heap after
{Heap after GC invocations=4 (full 0):
 PSYoungGen      total 29696K, used 4075K [0x00000000d5580000, 0x00000000d7680000, 0x0000000100000000)
  eden space 25600K, 0% used [0x00000000d5580000,0x00000000d5580000,0x00000000d6e80000)
  from space 4096K, 99% used [0x00000000d7280000,0x00000000d767acc0,0x00000000d7680000)
  to   space 4096K, 0% used [0x00000000d6e80000,0x00000000d6e80000,0x00000000d7280000)
 ParOldGen       total 68608K, used 6514K [0x0000000080000000, 0x0000000084300000, 0x00000000d5580000)
  object space 68608K, 9% used [0x0000000080000000,0x000000008065cba0,0x0000000084300000)
 Metaspace       used 11599K, committed 11968K, reserved 1114112K
  class space    used 1221K, committed 1408K, reserved 1048576K
}
Event: 15.332 GC heap before
{Heap before GC invocations=5 (full 0):
 PSYoungGen      total 29696K, used 29675K [0x00000000d5580000, 0x00000000d7680000, 0x0000000100000000)
  eden space 25600K, 100% used [0x00000000d5580000,0x00000000d6e80000,0x00000000d6e80000)
  from space 4096K, 99% used [0x00000000d7280000,0x00000000d767acc0,0x00000000d7680000)
  to   space 4096K, 0% used [0x00000000d6e80000,0x00000000d6e80000,0x00000000d7280000)
 ParOldGen       total 68608K, used 6514K [0x0000000080000000, 0x0000000084300000, 0x00000000d5580000)
  object space 68608K, 9% used [0x0000000080000000,0x000000008065cba0,0x0000000084300000)
 Metaspace       used 15513K, committed 16192K, reserved 1114112K
  class space    used 1609K, committed 1920K, reserved 1048576K
}
Event: 15.346 GC heap after
{Heap after GC invocations=5 (full 0):
 PSYoungGen      total 29184K, used 4095K [0x00000000d5580000, 0x00000000d7900000, 0x0000000100000000)
  eden space 25088K, 0% used [0x00000000d5580000,0x00000000d5580000,0x00000000d6e00000)
  from space 4096K, 99% used [0x00000000d6e80000,0x00000000d727fd88,0x00000000d7280000)
  to   space 5632K, 0% used [0x00000000d7380000,0x00000000d7380000,0x00000000d7900000)
 ParOldGen       total 68608K, used 7626K [0x0000000080000000, 0x0000000084300000, 0x00000000d5580000)
  object space 68608K, 11% used [0x0000000080000000,0x0000000080772bc0,0x0000000084300000)
 Metaspace       used 15513K, committed 16192K, reserved 1114112K
  class space    used 1609K, committed 1920K, reserved 1048576K
}
Event: 18.122 GC heap before
{Heap before GC invocations=6 (full 0):
 PSYoungGen      total 29184K, used 29161K [0x00000000d5580000, 0x00000000d7900000, 0x0000000100000000)
  eden space 25088K, 99% used [0x00000000d5580000,0x00000000d6dfa7a8,0x00000000d6e00000)
  from space 4096K, 99% used [0x00000000d6e80000,0x00000000d727fd88,0x00000000d7280000)
  to   space 5632K, 0% used [0x00000000d7380000,0x00000000d7380000,0x00000000d7900000)
 ParOldGen       total 68608K, used 7626K [0x0000000080000000, 0x0000000084300000, 0x00000000d5580000)
  object space 68608K, 11% used [0x0000000080000000,0x0000000080772bc0,0x0000000084300000)
 Metaspace       used 18662K, committed 19520K, reserved 1114112K
  class space    used 1962K, committed 2304K, reserved 1048576K
}
Event: 18.130 GC heap after
{Heap after GC invocations=6 (full 0):
 PSYoungGen      total 30208K, used 5127K [0x00000000d5580000, 0x00000000d7900000, 0x0000000100000000)
  eden space 24576K, 0% used [0x00000000d5580000,0x00000000d5580000,0x00000000d6d80000)
  from space 5632K, 91% used [0x00000000d7380000,0x00000000d7881ee0,0x00000000d7900000)
  to   space 5632K, 0% used [0x00000000d6e00000,0x00000000d6e00000,0x00000000d7380000)
 ParOldGen       total 68608K, used 7634K [0x0000000080000000, 0x0000000084300000, 0x00000000d5580000)
  object space 68608K, 11% used [0x0000000080000000,0x0000000080774bc0,0x0000000084300000)
 Metaspace       used 18662K, committed 19520K, reserved 1114112K
  class space    used 1962K, committed 2304K, reserved 1048576K
}
Event: 20.080 GC heap before
{Heap before GC invocations=7 (full 0):
 PSYoungGen      total 30208K, used 24850K [0x00000000d5580000, 0x00000000d7900000, 0x0000000100000000)
  eden space 24576K, 80% used [0x00000000d5580000,0x00000000d68c2be0,0x00000000d6d80000)
  from space 5632K, 91% used [0x00000000d7380000,0x00000000d7881ee0,0x00000000d7900000)
  to   space 5632K, 0% used [0x00000000d6e00000,0x00000000d6e00000,0x00000000d7380000)
 ParOldGen       total 68608K, used 7634K [0x0000000080000000, 0x0000000084300000, 0x00000000d5580000)
  object space 68608K, 11% used [0x0000000080000000,0x0000000080774bc0,0x0000000084300000)
 Metaspace       used 20659K, committed 21504K, reserved 1114112K
  class space    used 2197K, committed 2560K, reserved 1048576K
}
Event: 20.097 GC heap after
{Heap after GC invocations=7 (full 0):
 PSYoungGen      total 29184K, used 4527K [0x00000000d5580000, 0x00000000d7780000, 0x0000000100000000)
  eden space 24576K, 0% used [0x00000000d5580000,0x00000000d5580000,0x00000000d6d80000)
  from space 4608K, 98% used [0x00000000d6e00000,0x00000000d726bfa8,0x00000000d7280000)
  to   space 5120K, 0% used [0x00000000d7280000,0x00000000d7280000,0x00000000d7780000)
 ParOldGen       total 68608K, used 9363K [0x0000000080000000, 0x0000000084300000, 0x00000000d5580000)
  object space 68608K, 13% used [0x0000000080000000,0x0000000080924e88,0x0000000084300000)
 Metaspace       used 20659K, committed 21504K, reserved 1114112K
  class space    used 2197K, committed 2560K, reserved 1048576K
}
Event: 20.097 GC heap before
{Heap before GC invocations=8 (full 1):
 PSYoungGen      total 29184K, used 4527K [0x00000000d5580000, 0x00000000d7780000, 0x0000000100000000)
  eden space 24576K, 0% used [0x00000000d5580000,0x00000000d5580000,0x00000000d6d80000)
  from space 4608K, 98% used [0x00000000d6e00000,0x00000000d726bfa8,0x00000000d7280000)
  to   space 5120K, 0% used [0x00000000d7280000,0x00000000d7280000,0x00000000d7780000)
 ParOldGen       total 68608K, used 9363K [0x0000000080000000, 0x0000000084300000, 0x00000000d5580000)
  object space 68608K, 13% used [0x0000000080000000,0x0000000080924e88,0x0000000084300000)
 Metaspace       used 20659K, committed 21504K, reserved 1114112K
  class space    used 2197K, committed 2560K, reserved 1048576K
}
Event: 20.231 GC heap after
{Heap after GC invocations=8 (full 1):
 PSYoungGen      total 29184K, used 0K [0x00000000d5580000, 0x00000000d7780000, 0x0000000100000000)
  eden space 24576K, 0% used [0x00000000d5580000,0x00000000d5580000,0x00000000d6d80000)
  from space 4608K, 0% used [0x00000000d6e00000,0x00000000d6e00000,0x00000000d7280000)
  to   space 5120K, 0% used [0x00000000d7280000,0x00000000d7280000,0x00000000d7780000)
 ParOldGen       total 68608K, used 13181K [0x0000000080000000, 0x0000000084300000, 0x00000000d5580000)
  object space 68608K, 19% used [0x0000000080000000,0x0000000080cdf7a8,0x0000000084300000)
 Metaspace       used 20647K, committed 21504K, reserved 1114112K
  class space    used 2193K, committed 2560K, reserved 1048576K
}
Event: 21.258 GC heap before
{Heap before GC invocations=9 (full 1):
 PSYoungGen      total 29184K, used 24576K [0x00000000d5580000, 0x00000000d7780000, 0x0000000100000000)
  eden space 24576K, 100% used [0x00000000d5580000,0x00000000d6d80000,0x00000000d6d80000)
  from space 4608K, 0% used [0x00000000d6e00000,0x00000000d6e00000,0x00000000d7280000)
  to   space 5120K, 0% used [0x00000000d7280000,0x00000000d7280000,0x00000000d7780000)
 ParOldGen       total 68608K, used 13181K [0x0000000080000000, 0x0000000084300000, 0x00000000d5580000)
  object space 68608K, 19% used [0x0000000080000000,0x0000000080cdf7a8,0x0000000084300000)
 Metaspace       used 22424K, committed 23424K, reserved 1114112K
  class space    used 2361K, committed 2752K, reserved 1048576K
}
Event: 21.265 GC heap after
{Heap after GC invocations=9 (full 1):
 PSYoungGen      total 27648K, used 3380K [0x00000000d5580000, 0x00000000d7600000, 0x0000000100000000)
  eden space 24064K, 0% used [0x00000000d5580000,0x00000000d5580000,0x00000000d6d00000)
  from space 3584K, 94% used [0x00000000d7280000,0x00000000d75cd3f8,0x00000000d7600000)
  to   space 4096K, 0% used [0x00000000d6e00000,0x00000000d6e00000,0x00000000d7200000)
 ParOldGen       total 68608K, used 13189K [0x0000000080000000, 0x0000000084300000, 0x00000000d5580000)
  object space 68608K, 19% used [0x0000000080000000,0x0000000080ce17a8,0x0000000084300000)
 Metaspace       used 22424K, committed 23424K, reserved 1114112K
  class space    used 2361K, committed 2752K, reserved 1048576K
}

Dll operation events (10 events):
Event: 0.048 Loaded shared library c:\Users\gabri\.vscode\extensions\redhat.java-1.54.0-win32-x64\jre\21.0.10-win32-x86_64\bin\java.dll
Event: 0.242 Loaded shared library c:\Users\gabri\.vscode\extensions\redhat.java-1.54.0-win32-x64\jre\21.0.10-win32-x86_64\bin\zip.dll
Event: 0.333 Loaded shared library C:\Users\gabri\.vscode\extensions\redhat.java-1.54.0-win32-x64\jre\21.0.10-win32-x86_64\bin\instrument.dll
Event: 0.348 Loaded shared library C:\Users\gabri\.vscode\extensions\redhat.java-1.54.0-win32-x64\jre\21.0.10-win32-x86_64\bin\net.dll
Event: 0.356 Loaded shared library C:\Users\gabri\.vscode\extensions\redhat.java-1.54.0-win32-x64\jre\21.0.10-win32-x86_64\bin\nio.dll
Event: 0.364 Loaded shared library C:\Users\gabri\.vscode\extensions\redhat.java-1.54.0-win32-x64\jre\21.0.10-win32-x86_64\bin\zip.dll
Event: 0.417 Loaded shared library C:\Users\gabri\.vscode\extensions\redhat.java-1.54.0-win32-x64\jre\21.0.10-win32-x86_64\bin\jimage.dll
Event: 0.636 Loaded shared library c:\Users\gabri\.vscode\extensions\redhat.java-1.54.0-win32-x64\jre\21.0.10-win32-x86_64\bin\verify.dll
Event: 6.805 Loaded shared library C:\Users\gabri\AppData\Roaming\Code\User\globalStorage\redhat.java\1.54.0\config_win\org.eclipse.equinox.launcher\org.eclipse.equinox.launcher.win32.win32.x86_64_1.3.0.v20260203-2149\eclipse_11919.dll
Event: 15.969 Loaded shared library C:\Users\gabri\AppData\Local\Temp\jna-98110207\jna45735072914865540.dll

Deoptimization events (20 events):
Event: 20.253 Thread 0x000002c8418f37b0 DEOPT PACKING pc=0x000002c84c788364 sp=0x000000f6904f2890
Event: 20.253 Thread 0x000002c8418f37b0 DEOPT UNPACKING pc=0x000002c84c0d3aa2 sp=0x000000f6904f26a0 mode 2
Event: 20.423 Thread 0x000002c8418f37b0 Uncommon trap: trap_request=0xffffff45 fr.pc=0x000002c84c7c0e48 relative=0x00000000000001a8
Event: 20.423 Thread 0x000002c8418f37b0 Uncommon trap: reason=unstable_if action=reinterpret pc=0x000002c84c7c0e48 method=jdk.internal.org.objectweb.asm.Frame.push(I)V @ 26 c2
Event: 20.423 Thread 0x000002c8418f37b0 DEOPT PACKING pc=0x000002c84c7c0e48 sp=0x000000f6904f18b0
Event: 20.423 Thread 0x000002c8418f37b0 DEOPT UNPACKING pc=0x000002c84c0d3aa2 sp=0x000000f6904f1838 mode 2
Event: 21.311 Thread 0x000002c8418f37b0 DEOPT PACKING pc=0x000002c84514c33e sp=0x000000f6904f9690
Event: 21.311 Thread 0x000002c8418f37b0 DEOPT UNPACKING pc=0x000002c84c0d4242 sp=0x000000f6904f8bd0 mode 0
Event: 21.316 Thread 0x000002c8418f37b0 DEOPT PACKING pc=0x000002c84514c33e sp=0x000000f6904f9690
Event: 21.316 Thread 0x000002c8418f37b0 DEOPT UNPACKING pc=0x000002c84c0d4242 sp=0x000000f6904f8bd0 mode 0
Event: 21.321 Thread 0x000002c8418f37b0 DEOPT PACKING pc=0x000002c84514c33e sp=0x000000f6904f9690
Event: 21.321 Thread 0x000002c8418f37b0 DEOPT UNPACKING pc=0x000002c84c0d4242 sp=0x000000f6904f8bd0 mode 0
Event: 21.684 Thread 0x000002c89bb08340 Uncommon trap: trap_request=0xffffff76 fr.pc=0x000002c84c7b1d04 relative=0x0000000000000384
Event: 21.684 Thread 0x000002c89bb08340 Uncommon trap: reason=predicate action=maybe_recompile pc=0x000002c84c7b1d04 method=java.util.regex.Pattern$BmpCharPropertyGreedy.match(Ljava/util/regex/Matcher;ILjava/lang/CharSequence;)Z @ 12 c2
Event: 21.684 Thread 0x000002c89bb08340 DEOPT PACKING pc=0x000002c84c7b1d04 sp=0x000000f690bfe650
Event: 21.684 Thread 0x000002c89bb08340 DEOPT UNPACKING pc=0x000002c84c0d3aa2 sp=0x000000f690bfe5f8 mode 2
Event: 21.709 Thread 0x000002c89bb08340 Uncommon trap: trap_request=0xffffff45 fr.pc=0x000002c84c6a3a6c relative=0x000000000000020c
Event: 21.709 Thread 0x000002c89bb08340 Uncommon trap: reason=unstable_if action=reinterpret pc=0x000002c84c6a3a6c method=java.io.BufferedInputStream.read1([BII)I @ 34 c2
Event: 21.709 Thread 0x000002c89bb08340 DEOPT PACKING pc=0x000002c84c6a3a6c sp=0x000000f690bfe280
Event: 21.710 Thread 0x000002c89bb08340 DEOPT UNPACKING pc=0x000002c84c0d3aa2 sp=0x000000f690bfe218 mode 2

Classes loaded (20 events):
Event: 20.899 Loading class java/net/SocketException
Event: 20.899 Loading class java/net/SocketException done
Event: 20.899 Loading class java/net/UnknownHostException
Event: 20.899 Loading class java/net/UnknownHostException done
Event: 20.899 Loading class java/net/ProtocolException
Event: 20.900 Loading class java/net/ProtocolException done
Event: 20.981 Loading class java/lang/ThreadLocal$SuppliedThreadLocal
Event: 20.982 Loading class java/lang/ThreadLocal$SuppliedThreadLocal done
Event: 21.015 Loading class java/io/FileWriter
Event: 21.016 Loading class java/io/FileWriter done
Event: 21.026 Loading class java/lang/NegativeArraySizeException
Event: 21.026 Loading class java/lang/NegativeArraySizeException done
Event: 21.683 Loading class java/io/FileReader
Event: 21.684 Loading class java/io/FileReader done
Event: 21.843 Loading class java/util/concurrent/atomic/AtomicReferenceFieldUpdater
Event: 21.844 Loading class java/util/concurrent/atomic/AtomicReferenceFieldUpdater done
Event: 21.844 Loading class java/util/concurrent/atomic/AtomicReferenceFieldUpdater$AtomicReferenceFieldUpdaterImpl
Event: 21.845 Loading class java/util/concurrent/atomic/AtomicReferenceFieldUpdater$AtomicReferenceFieldUpdaterImpl done
Event: 21.845 Loading class java/util/concurrent/atomic/AtomicReferenceFieldUpdater$AtomicReferenceFieldUpdaterImpl$1
Event: 21.845 Loading class java/util/concurrent/atomic/AtomicReferenceFieldUpdater$AtomicReferenceFieldUpdaterImpl$1 done

Classes unloaded (7 events):
Event: 20.127 Thread 0x000002c8419f5890 Unloading class 0x000002c85a1ab000 'java/lang/invoke/LambdaForm$MH+0x000002c85a1ab000'
Event: 20.127 Thread 0x000002c8419f5890 Unloading class 0x000002c85a1aac00 'java/lang/invoke/LambdaForm$MH+0x000002c85a1aac00'
Event: 20.127 Thread 0x000002c8419f5890 Unloading class 0x000002c85a1aa800 'java/lang/invoke/LambdaForm$MH+0x000002c85a1aa800'
Event: 20.127 Thread 0x000002c8419f5890 Unloading class 0x000002c85a1aa400 'java/lang/invoke/LambdaForm$MH+0x000002c85a1aa400'
Event: 20.127 Thread 0x000002c8419f5890 Unloading class 0x000002c85a1aa000 'java/lang/invoke/LambdaForm$BMH+0x000002c85a1aa000'
Event: 20.127 Thread 0x000002c8419f5890 Unloading class 0x000002c85a1a9c00 'java/lang/invoke/LambdaForm$DMH+0x000002c85a1a9c00'
Event: 20.127 Thread 0x000002c8419f5890 Unloading class 0x000002c85a1a8800 'java/lang/invoke/LambdaForm$DMH+0x000002c85a1a8800'

Classes redefined (0 events):
No events

Internal exceptions (20 events):
Event: 19.910 Thread 0x000002c8418f37b0 Exception <a 'java/lang/NoSuchMethodError'{0x00000000d6764df0}: 'java.lang.Object java.lang.invoke.DirectMethodHandle$Holder.invokeStaticInit(java.lang.Object, java.lang.Object, java.lang.Object, java.lang.Object, java.lang.Object, java.lang.Object, java.lang.Object)'> (0x00000000d6764df0) 
thrown [s\src\hotspot\share\interpreter\linkResolver.cpp, line 773]
Event: 19.914 Thread 0x000002c8418f37b0 Exception <a 'java/lang/NoSuchMethodError'{0x00000000d676a590}: 'java.lang.Object java.lang.invoke.Invokers$Holder.invoke_MT(java.lang.Object, java.lang.Object, java.lang.Object, java.lang.Object, java.lang.Object, java.lang.Object, java.lang.Object, java.lang.Object, java.lang.Object)'> (0x00000000d676a590) 
thrown [s\src\hotspot\share\interpreter\linkResolver.cpp, line 773]
Event: 19.930 Thread 0x000002c8418f37b0 Exception <a 'java/lang/NoSuchMethodError'{0x00000000d679f708}: 'int java.lang.invoke.DirectMethodHandle$Holder.invokeVirtual(java.lang.Object, java.lang.Object, java.lang.Object)'> (0x00000000d679f708) 
thrown [s\src\hotspot\share\interpreter\linkResolver.cpp, line 773]
Event: 19.932 Thread 0x000002c8418f37b0 Exception <a 'java/lang/NoSuchMethodError'{0x00000000d67a46a0}: 'int java.lang.invoke.DirectMethodHandle$Holder.invokeStaticInit(java.lang.Object, int, int)'> (0x00000000d67a46a0) 
thrown [s\src\hotspot\share\interpreter\linkResolver.cpp, line 773]
Event: 19.936 Thread 0x000002c8418f37b0 Exception <a 'java/lang/NoSuchMethodError'{0x00000000d67aca28}: 'int java.lang.invoke.DirectMethodHandle$Holder.invokeStaticInit(java.lang.Object, long, long)'> (0x00000000d67aca28) 
thrown [s\src\hotspot\share\interpreter\linkResolver.cpp, line 773]
Event: 19.938 Thread 0x000002c8418f37b0 Exception <a 'java/lang/NoSuchMethodError'{0x00000000d67b43e0}: 'int java.lang.invoke.DirectMethodHandle$Holder.invokeStaticInit(java.lang.Object, float, float)'> (0x00000000d67b43e0) 
thrown [s\src\hotspot\share\interpreter\linkResolver.cpp, line 773]
Event: 19.941 Thread 0x000002c8418f37b0 Exception <a 'java/lang/NoSuchMethodError'{0x00000000d67bbd90}: 'int java.lang.invoke.DirectMethodHandle$Holder.invokeStaticInit(java.lang.Object, double, double)'> (0x00000000d67bbd90) 
thrown [s\src\hotspot\share\interpreter\linkResolver.cpp, line 773]
Event: 19.942 Thread 0x000002c8418f37b0 Exception <a 'java/lang/NoSuchMethodError'{0x00000000d67c11a8}: 'int java.lang.invoke.DirectMethodHandle$Holder.invokeStatic(java.lang.Object, long)'> (0x00000000d67c11a8) 
thrown [s\src\hotspot\share\interpreter\linkResolver.cpp, line 773]
Event: 19.954 Thread 0x000002c8418f37b0 Exception <a 'java/lang/NoSuchMethodError'{0x00000000d67dfe90}: 'int java.lang.invoke.Invokers$Holder.linkToTargetMethod(java.lang.Object, java.lang.Object)'> (0x00000000d67dfe90) 
thrown [s\src\hotspot\share\interpreter\linkResolver.cpp, line 773]
Event: 20.255 Thread 0x000002c8418f37b0 Exception <a 'java/lang/NoSuchMethodError'{0x00000000d55b62b0}: 'java.lang.Object java.lang.invoke.Invokers$Holder.invoke_MT(java.lang.Object, java.lang.Object, java.lang.Object, java.lang.Object, java.lang.Object, java.lang.Object, java.lang.Object, java.lang.Object, java.lang.Object, java.lang.Object, java.lang.Object)'> (0x00000000d55b62b0) 
thrown [s\src\hotspot\share\interpreter\linkResolver.cpp, line 773]
Event: 20.307 Thread 0x000002c8418f37b0 Exception <a 'java/lang/NoSuchMethodError'{0x00000000d56472a0}: 'java.lang.Object java.lang.invoke.Invokers$Holder.invoke_MT(java.lang.Object, java.lang.Object, java.lang.Object, java.lang.Object, java.lang.Object, java.lang.Object, java.lang.Object, java.lang.Object, java.lang.Object, java.lang.Object)'> (0x00000000d56472a0) 
thrown [s\src\hotspot\share\interpreter\linkResolver.cpp, line 773]
Event: 20.371 Thread 0x000002c8418f37b0 Exception <a 'java/lang/NoSuchMethodError'{0x00000000d56e86a0}: 'java.lang.Object java.lang.invoke.DirectMethodHandle$Holder.newInvokeSpecial(java.lang.Object, java.lang.Object, java.lang.Object, java.lang.Object, java.lang.Object, java.lang.Object, java.lang.Object)'> (0x00000000d56e86a0) 
thrown [s\src\hotspot\share\interpreter\linkResolver.cpp, line 773]
Event: 20.425 Thread 0x000002c8418f37b0 Exception <a 'java/lang/NoSuchMethodError'{0x00000000d5766428}: 'java.lang.Object java.lang.invoke.Invokers$Holder.invoker(java.lang.Object, java.lang.Object, java.lang.Object, java.lang.Object, java.lang.Object, java.lang.Object, java.lang.Object, java.lang.Object, java.lang.Object, java.lang.Object, java.lang.Object, java.lang.Object, java.lang.Object)'> (0x00000000d5766428) 
thrown [s\src\hotspot\share\interpreter\linkResolver.cpp, line 773]
Event: 20.432 Thread 0x000002c8418f37b0 Exception <a 'java/lang/NoSuchMethodError'{0x00000000d57708c0}: 'java.lang.Object java.lang.invoke.DelegatingMethodHandle$Holder.delegate(java.lang.Object, java.lang.Object, java.lang.Object, java.lang.Object, java.lang.Object, java.lang.Object, java.lang.Object, java.lang.Object, java.lang.Object, java.lang.Object, java.lang.Object, java.lang.Object, java.lang.Object)'> (0x00000000d57708c0) 
thrown [s\src\hotspot\share\interpreter\linkResolver.cpp, line 773]
Event: 20.462 Thread 0x000002c8418f37b0 Exception <a 'java/lang/NoSuchMethodError'{0x00000000d57d86e0}: static Lorg/eclipse/m2e/core/internal/lifecyclemapping/model/PluginExecutionMetadata;.<clinit>()V> (0x00000000d57d86e0) 
thrown [s\src\hotspot\share\prims\jni.cpp, line 1111]
Event: 20.487 Thread 0x000002c8418f37b0 Exception <a 'java/lang/NoSuchMethodError'{0x00000000d58387b8}: static Lorg/eclipse/m2e/core/internal/lifecyclemapping/model/PluginExecutionFilter;.<clinit>()V> (0x00000000d58387b8) 
thrown [s\src\hotspot\share\prims\jni.cpp, line 1111]
Event: 20.498 Thread 0x000002c8418f37b0 Exception <a 'java/lang/NoSuchMethodError'{0x00000000d5868160}: static Lorg/eclipse/m2e/core/internal/project/registry/MavenProjectFacade$MavenProjectConfiguration;.<clinit>()V> (0x00000000d5868160) 
thrown [s\src\hotspot\share\prims\jni.cpp, line 1111]
Event: 20.737 Thread 0x000002c8418f37b0 Exception <a 'java/lang/NoSuchMethodError'{0x00000000d5d072f8}: 'double java.lang.invoke.DirectMethodHandle$Holder.invokeStatic(java.lang.Object, java.lang.Object)'> (0x00000000d5d072f8) 
thrown [s\src\hotspot\share\interpreter\linkResolver.cpp, line 773]
Event: 20.738 Thread 0x000002c8418f37b0 Exception <a 'java/lang/NoSuchMethodError'{0x00000000d5d0a9b8}: 'double java.lang.invoke.DirectMethodHandle$Holder.invokeStaticInit(java.lang.Object, java.lang.Object)'> (0x00000000d5d0a9b8) 
thrown [s\src\hotspot\share\interpreter\linkResolver.cpp, line 773]
Event: 21.790 Thread 0x000002c89bb08340 Exception <a 'java/lang/NoSuchMethodError'{0x00000000d60c86f0}: 'java.lang.Object java.lang.invoke.DirectMethodHandle$Holder.invokeSpecialIFC(java.lang.Object, java.lang.Object, java.lang.Object, java.lang.Object)'> (0x00000000d60c86f0) 
thrown [s\src\hotspot\share\interpreter\linkResolver.cpp, line 773]

ZGC Phase Switch (0 events):
No events

VM Operations (20 events):
Event: 17.014 Executing safepoint VM operation: Cleanup
Event: 17.014 Executing safepoint VM operation: Cleanup done
Event: 17.260 Executing non-safepoint VM operation: HandshakeAllThreads (Deoptimize)
Event: 17.260 Executing non-safepoint VM operation: HandshakeAllThreads (Deoptimize) done
Event: 17.307 Executing non-safepoint VM operation: HandshakeAllThreads (Deoptimize)
Event: 17.307 Executing non-safepoint VM operation: HandshakeAllThreads (Deoptimize) done
Event: 18.121 Executing safepoint VM operation: ParallelGCFailedAllocation (Allocation Failure)
Event: 18.130 Executing safepoint VM operation: ParallelGCFailedAllocation (Allocation Failure) done
Event: 19.141 Executing safepoint VM operation: Cleanup
Event: 19.142 Executing safepoint VM operation: Cleanup done
Event: 19.869 Executing non-safepoint VM operation: HandshakeAllThreads (Deoptimize)
Event: 19.870 Executing non-safepoint VM operation: HandshakeAllThreads (Deoptimize) done
Event: 20.080 Executing safepoint VM operation: CollectForMetadataAllocation (Metadata GC Threshold)
Event: 20.231 Executing safepoint VM operation: CollectForMetadataAllocation (Metadata GC Threshold) done
Event: 21.236 Executing safepoint VM operation: Cleanup
Event: 21.236 Executing safepoint VM operation: Cleanup done
Event: 21.258 Executing safepoint VM operation: ParallelGCFailedAllocation (Allocation Failure)
Event: 21.265 Executing safepoint VM operation: ParallelGCFailedAllocation (Allocation Failure) done
Event: 21.649 Executing non-safepoint VM operation: HandshakeAllThreads (Deoptimize)
Event: 21.650 Executing non-safepoint VM operation: HandshakeAllThreads (Deoptimize) done

Memory protections (0 events):
No events

Nmethod flushes (0 events):
No events

Events (20 events):
Event: 9.158 Thread 0x000002c89b739ec0 Thread exited: 0x000002c89b739ec0
Event: 12.128 Thread 0x000002c8418f37b0 Thread added: 0x000002c89bb0aaa0
Event: 12.496 Thread 0x000002c89a684e40 Thread added: 0x000002c8a07c59a0
Event: 12.501 Thread 0x000002c89a684e40 Thread added: 0x000002c8a07c6050
Event: 12.795 Thread 0x000002c8a07c6050 Thread exited: 0x000002c8a07c6050
Event: 13.086 Thread 0x000002c8a07c59a0 Thread exited: 0x000002c8a07c59a0
Event: 13.897 Thread 0x000002c8418f37b0 Thread added: 0x000002c89bb096f0
Event: 16.116 Thread 0x000002c8418f37b0 Thread added: 0x000002c89bb0b130
Event: 16.301 Thread 0x000002c8418f37b0 Thread added: 0x000002c89bb08340
Event: 16.474 Thread 0x000002c8418f37b0 Thread added: 0x000002c89bb09d80
Event: 17.024 Thread 0x000002c89a68b830 Thread added: 0x000002c8a082f800
Event: 17.263 Thread 0x000002c8a082f800 Thread exited: 0x000002c8a082f800
Event: 18.581 Thread 0x000002c89a684e40 Thread added: 0x000002c89bd479b0
Event: 18.823 Thread 0x000002c89bd479b0 Thread exited: 0x000002c89bd479b0
Event: 20.316 Thread 0x000002c89a68b830 Thread added: 0x000002c8a04eea60
Event: 20.789 Thread 0x000002c8a04eea60 Thread exited: 0x000002c8a04eea60
Event: 21.199 Thread 0x000002c89a68b830 Thread added: 0x000002c89b8badb0
Event: 21.411 Thread 0x000002c89b8badb0 Thread exited: 0x000002c89b8badb0
Event: 21.735 Thread 0x000002c89a68b830 Thread added: 0x000002c89b8b9940
Event: 21.787 Thread 0x000002c89bb09d80 Thread added: 0x000002c89bb0a410


Dynamic libraries:
0x00007ff6ea7d0000 - 0x00007ff6ea7de000 	c:\Users\gabri\.vscode\extensions\redhat.java-1.54.0-win32-x64\jre\21.0.10-win32-x86_64\bin\java.exe
0x00007ffaf3920000 - 0x00007ffaf3b87000 	C:\WINDOWS\SYSTEM32\ntdll.dll
0x00007ffaa09e0000 - 0x00007ffaa0a01000 	C:\Program Files\AVG\Antivirus\aswhook.dll
0x00007ffaf1f10000 - 0x00007ffaf1fd9000 	C:\WINDOWS\System32\KERNEL32.DLL
0x00007ffaf12a0000 - 0x00007ffaf1697000 	C:\WINDOWS\System32\KERNELBASE.dll
0x00007ffaf0830000 - 0x00007ffaf097b000 	C:\WINDOWS\System32\ucrtbase.dll
0x00007ffad4060000 - 0x00007ffad4078000 	c:\Users\gabri\.vscode\extensions\redhat.java-1.54.0-win32-x64\jre\21.0.10-win32-x86_64\bin\jli.dll
0x00007ffad3fe0000 - 0x00007ffad3ffe000 	c:\Users\gabri\.vscode\extensions\redhat.java-1.54.0-win32-x64\jre\21.0.10-win32-x86_64\bin\VCRUNTIME140.dll
0x00007ffaf1cc0000 - 0x00007ffaf1e86000 	C:\WINDOWS\System32\USER32.dll
0x00007ffacf730000 - 0x00007ffacf9c2000 	C:\WINDOWS\WinSxS\amd64_microsoft.windows.common-controls_6595b64144ccf1df_6.0.26100.8457_none_3e0b2faee331e92d\COMCTL32.dll
0x00007ffaf0620000 - 0x00007ffaf0647000 	C:\WINDOWS\System32\win32u.dll
0x00007ffaf16a0000 - 0x00007ffaf1749000 	C:\WINDOWS\System32\msvcrt.dll
0x00007ffaf23c0000 - 0x00007ffaf23eb000 	C:\WINDOWS\System32\GDI32.dll
0x00007ffaf0650000 - 0x00007ffaf077c000 	C:\WINDOWS\System32\gdi32full.dll
0x00007ffaf0980000 - 0x00007ffaf0a23000 	C:\WINDOWS\System32\msvcp_win.dll
0x00007ffaf19d0000 - 0x00007ffaf1a02000 	C:\WINDOWS\System32\IMM32.DLL
0x00007ffadcde0000 - 0x00007ffadcdec000 	c:\Users\gabri\.vscode\extensions\redhat.java-1.54.0-win32-x64\jre\21.0.10-win32-x86_64\bin\vcruntime140_1.dll
0x00007ffa97cb0000 - 0x00007ffa97d3d000 	c:\Users\gabri\.vscode\extensions\redhat.java-1.54.0-win32-x64\jre\21.0.10-win32-x86_64\bin\msvcp140.dll
0x00007ffa26bc0000 - 0x00007ffa27961000 	c:\Users\gabri\.vscode\extensions\redhat.java-1.54.0-win32-x64\jre\21.0.10-win32-x86_64\bin\server\jvm.dll
0x00007ffaf1fe0000 - 0x00007ffaf2096000 	C:\WINDOWS\System32\ADVAPI32.dll
0x00007ffaf2310000 - 0x00007ffaf23b7000 	C:\WINDOWS\System32\sechost.dll
0x00007ffaf2950000 - 0x00007ffaf2a68000 	C:\WINDOWS\System32\RPCRT4.dll
0x00007ffaf23f0000 - 0x00007ffaf2470000 	C:\WINDOWS\System32\WS2_32.dll
0x00007ffaed190000 - 0x00007ffaed1c6000 	C:\WINDOWS\SYSTEM32\WINMM.dll
0x00007ffae94d0000 - 0x00007ffae94db000 	C:\WINDOWS\SYSTEM32\VERSION.dll
0x00007ffaf01d0000 - 0x00007ffaf022e000 	C:\WINDOWS\SYSTEM32\POWRPROF.dll
0x00007ffaf01b0000 - 0x00007ffaf01c4000 	C:\WINDOWS\SYSTEM32\UMPDC.dll
0x00007ffaef0b0000 - 0x00007ffaef0cb000 	C:\WINDOWS\SYSTEM32\kernel.appcore.dll
0x00007ffadcc10000 - 0x00007ffadcc1a000 	c:\Users\gabri\.vscode\extensions\redhat.java-1.54.0-win32-x64\jre\21.0.10-win32-x86_64\bin\jimage.dll
0x00007ffaee1b0000 - 0x00007ffaee3f2000 	C:\WINDOWS\SYSTEM32\DBGHELP.DLL
0x00007ffaf24c0000 - 0x00007ffaf2843000 	C:\WINDOWS\System32\combase.dll
0x00007ffaf1be0000 - 0x00007ffaf1cb9000 	C:\WINDOWS\System32\OLEAUT32.dll
0x00007ffae3de0000 - 0x00007ffae3e1b000 	C:\WINDOWS\SYSTEM32\dbgcore.DLL
0x00007ffaf0780000 - 0x00007ffaf0828000 	C:\WINDOWS\System32\bcryptPrimitives.dll
0x00007ffadb5a0000 - 0x00007ffadb5af000 	c:\Users\gabri\.vscode\extensions\redhat.java-1.54.0-win32-x64\jre\21.0.10-win32-x86_64\bin\instrument.dll
0x00007ffad3fc0000 - 0x00007ffad3fe0000 	c:\Users\gabri\.vscode\extensions\redhat.java-1.54.0-win32-x64\jre\21.0.10-win32-x86_64\bin\java.dll
0x00007ffaf2fd0000 - 0x00007ffaf373e000 	C:\WINDOWS\System32\SHELL32.dll
0x00007ffaf0a30000 - 0x00007ffaf129c000 	C:\WINDOWS\System32\windows.storage.dll
0x00007ffaf3750000 - 0x00007ffaf3846000 	C:\WINDOWS\System32\SHCORE.dll
0x00007ffaf1a10000 - 0x00007ffaf1a76000 	C:\WINDOWS\System32\shlwapi.dll
0x00007ffaf0270000 - 0x00007ffaf0299000 	C:\WINDOWS\SYSTEM32\profapi.dll
0x00007ffad3560000 - 0x00007ffad3578000 	c:\Users\gabri\.vscode\extensions\redhat.java-1.54.0-win32-x64\jre\21.0.10-win32-x86_64\bin\zip.dll
0x00007ffad4050000 - 0x00007ffad4060000 	C:\Users\gabri\.vscode\extensions\redhat.java-1.54.0-win32-x64\jre\21.0.10-win32-x86_64\bin\net.dll
0x00007ffaea800000 - 0x00007ffaea929000 	C:\WINDOWS\SYSTEM32\WINHTTP.dll
0x00007ffaef650000 - 0x00007ffaef6bc000 	C:\WINDOWS\system32\mswsock.dll
0x00007ffad3da0000 - 0x00007ffad3db6000 	C:\Users\gabri\.vscode\extensions\redhat.java-1.54.0-win32-x64\jre\21.0.10-win32-x86_64\bin\nio.dll
0x00007ffad3f20000 - 0x00007ffad3f30000 	c:\Users\gabri\.vscode\extensions\redhat.java-1.54.0-win32-x64\jre\21.0.10-win32-x86_64\bin\verify.dll
0x00007ffab8820000 - 0x00007ffab8865000 	C:\Users\gabri\AppData\Roaming\Code\User\globalStorage\redhat.java\1.54.0\config_win\org.eclipse.equinox.launcher\org.eclipse.equinox.launcher.win32.win32.x86_64_1.3.0.v20260203-2149\eclipse_11919.dll
0x00007ffaf20a0000 - 0x00007ffaf2237000 	C:\WINDOWS\System32\ole32.dll
0x00007ffaef940000 - 0x00007ffaef95b000 	C:\WINDOWS\SYSTEM32\CRYPTSP.dll
0x00007ffaef010000 - 0x00007ffaef049000 	C:\WINDOWS\system32\rsaenh.dll
0x00007ffaef700000 - 0x00007ffaef733000 	C:\WINDOWS\SYSTEM32\USERENV.dll
0x00007ffaf0240000 - 0x00007ffaf026a000 	C:\WINDOWS\SYSTEM32\bcrypt.dll
0x00007ffaef930000 - 0x00007ffaef93c000 	C:\WINDOWS\SYSTEM32\CRYPTBASE.dll
0x00007ffaeea90000 - 0x00007ffaeeac2000 	C:\WINDOWS\SYSTEM32\IPHLPAPI.DLL
0x00007ffaf2480000 - 0x00007ffaf248a000 	C:\WINDOWS\System32\NSI.dll
0x00007ffab8050000 - 0x00007ffab8099000 	C:\Users\gabri\AppData\Local\Temp\jna-98110207\jna45735072914865540.dll
0x00007ffaf19c0000 - 0x00007ffaf19c8000 	C:\WINDOWS\System32\PSAPI.DLL

JVMTI agents:
c:\Users\gabri\.vscode\extensions\redhat.java-1.54.0-win32-x64\lombok\lombok-1.18.39-4050.jar path:c:\Users\gabri\.vscode\extensions\redhat.java-1.54.0-win32-x64\jre\21.0.10-win32-x86_64\bin\instrument.dll, loaded, initialized, instrumentlib options:none

dbghelp: loaded successfully - version: 4.0.5 - missing functions: none
symbol engine: initialized successfully - sym options: 0x614 - pdb path: .;c:\Users\gabri\.vscode\extensions\redhat.java-1.54.0-win32-x64\jre\21.0.10-win32-x86_64\bin;C:\WINDOWS\SYSTEM32;C:\Program Files\AVG\Antivirus;C:\WINDOWS\WinSxS\amd64_microsoft.windows.common-controls_6595b64144ccf1df_6.0.26100.8457_none_3e0b2faee331e92d;c:\Users\gabri\.vscode\extensions\redhat.java-1.54.0-win32-x64\jre\21.0.10-win32-x86_64\bin\server;C:\Users\gabri\AppData\Roaming\Code\User\globalStorage\redhat.java\1.54.0\config_win\org.eclipse.equinox.launcher\org.eclipse.equinox.launcher.win32.win32.x86_64_1.3.0.v20260203-2149;C:\Users\gabri\AppData\Local\Temp\jna-98110207

VM Arguments:
jvm_args: --add-modules=ALL-SYSTEM --add-opens=java.base/java.util=ALL-UNNAMED --add-opens=java.base/java.lang=ALL-UNNAMED --add-opens=java.base/sun.nio.fs=ALL-UNNAMED -Declipse.application=org.eclipse.jdt.ls.core.id1 -Dosgi.bundles.defaultStartLevel=4 -Declipse.product=org.eclipse.jdt.ls.core.product -Djava.import.generatesMetadataFilesAtProjectRoot=false -DDetectVMInstallationsJob.disabled=true -Dfile.encoding=utf8 -XX:+UseParallelGC -XX:GCTimeRatio=4 -XX:AdaptiveSizePolicyWeight=90 -Dsun.zip.disableMemoryMapping=true -Xmx2G -Xms100m -Xlog:disable -javaagent:c:\Users\gabri\.vscode\extensions\redhat.java-1.54.0-win32-x64\lombok\lombok-1.18.39-4050.jar -XX:+HeapDumpOnOutOfMemoryError -XX:HeapDumpPath=c:\Users\gabri\AppData\Roaming\Code\User\workspaceStorage\41177c61a576466bae8518b209a7c761\redhat.java -Daether.dependencyCollector.impl=bf 
java_command: c:\Users\gabri\.vscode\extensions\redhat.java-1.54.0-win32-x64\server\plugins\org.eclipse.equinox.launcher_1.7.100.v20251111-0406.jar -configuration c:\Users\gabri\AppData\Roaming\Code\User\globalStorage\redhat.java\1.54.0\config_win -data c:\Users\gabri\AppData\Roaming\Code\User\workspaceStorage\41177c61a576466bae8518b209a7c761\redhat.java\jdt_ws --pipe=\\.\pipe\lsp-9006b2485ce1ff9adfe894426ba23666-sock
java_class_path (initial): c:\Users\gabri\.vscode\extensions\redhat.java-1.54.0-win32-x64\server\plugins\org.eclipse.equinox.launcher_1.7.100.v20251111-0406.jar
Launcher Type: SUN_STANDARD

[Global flags]
    uintx AdaptiveSizePolicyWeight                 = 90                                        {product} {command line}
     intx CICompilerCount                          = 4                                         {product} {ergonomic}
    uintx GCTimeRatio                              = 4                                         {product} {command line}
     bool HeapDumpOnOutOfMemoryError               = true                                   {manageable} {command line}
    ccstr HeapDumpPath                             = c:\Users\gabri\AppData\Roaming\Code\User\workspaceStorage\41177c61a576466bae8518b209a7c761\redhat.java         {manageable} {command line}
   size_t InitialHeapSize                          = 104857600                                 {product} {command line}
   size_t MaxHeapSize                              = 2147483648                                {product} {command line}
   size_t MaxNewSize                               = 715653120                                 {product} {ergonomic}
   size_t MinHeapDeltaBytes                        = 524288                                    {product} {ergonomic}
   size_t MinHeapSize                              = 104857600                                 {product} {command line}
   size_t NewSize                                  = 34603008                                  {product} {ergonomic}
    uintx NonNMethodCodeHeapSize                   = 5839372                                {pd product} {ergonomic}
    uintx NonProfiledCodeHeapSize                  = 122909434                              {pd product} {ergonomic}
   size_t OldSize                                  = 70254592                                  {product} {ergonomic}
    uintx ProfiledCodeHeapSize                     = 122909434                              {pd product} {ergonomic}
    uintx ReservedCodeCacheSize                    = 251658240                              {pd product} {ergonomic}
     bool SegmentedCodeCache                       = true                                      {product} {ergonomic}
   size_t SoftMaxHeapSize                          = 2147483648                             {manageable} {ergonomic}
     bool UseCompressedOops                        = true                           {product lp64_product} {ergonomic}
     bool UseLargePagesIndividualAllocation        = false                                  {pd product} {ergonomic}
     bool UseParallelGC                            = true                                      {product} {command line}

Logging:
Log output configuration:
 #0: stdout all=off uptime,level,tags foldmultilines=false
 #1: stderr all=off uptime,level,tags foldmultilines=false

Release file:
JAVA_VERSION="21.0.10" 
MODULES="java.base java.compiler java.datatransfer java.xml java.prefs java.desktop java.instrument java.logging java.management java.security.sasl java.naming java.rmi java.management.rmi java.net.http java.scripting java.security.jgss java.transaction.xa java.sql java.sql.rowset java.xml.crypto java.se java.smartcardio jdk.accessibility jdk.internal.jvmstat jdk.attach jdk.charsets jdk.internal.opt jdk.zipfs jdk.compiler jdk.crypto.ec jdk.crypto.cryptoki jdk.crypto.mscapi jdk.dynalink jdk.internal.ed jdk.editpad jdk.hotspot.agent jdk.httpserver jdk.internal.le jdk.internal.vm.ci jdk.internal.vm.compiler jdk.internal.vm.compiler.management jdk.jartool jdk.javadoc jdk.jcmd jdk.management jdk.management.agent jdk.jconsole jdk.jdeps jdk.jdwp.agent jdk.jdi jdk.jfr jdk.jshell jdk.jsobject jdk.jstatd jdk.localedata jdk.management.jfr jdk.naming.dns jdk.naming.rmi jdk.net jdk.nio.mapmode jdk.random jdk.sctp jdk.security.auth jdk.security.jgss jdk.unsupported jdk.unsupported.desktop jdk.xml.dom" 

Environment Variables:
JAVA_HOME=C:\Program Files\Java\jdk-21.0.10
PATH=C:\Users\gabri\AppData\Local\Programs\Microsoft VS Code;C:\Program Files\Java\jdk-21\bin;C:\Program Files\Common Files\Oracle\Java\javapath;C:\Program Files (x86)\Common Files\Oracle\Java\java8path;C:\WINDOWS\system32;C:\WINDOWS;C:\WINDOWS\System32\Wbem;C:\WINDOWS\System32\WindowsPowerShell\v1.0\;C:\WINDOWS\System32\OpenSSH\;C:\Program Files\dotnet\;C:\Python39;C:\Program Files\Java\jdk-21\bin;C:\Program Files\Git\cmd;C:\Program Files\Microsoft SQL Server\Client SDK\ODBC\170\Tools\Binn\;C:\Program Files (x86)\Microsoft SQL Server\150\Tools\Binn\;C:\Program Files\Microsoft SQL Server\150\Tools\Binn\;C:\Program Files\Microsoft SQL Server\150\DTS\Binn\;C:\Program Files (x86)\Microsoft SQL Server\160\Tools\Binn\;C:\Program Files\Microsoft SQL Server\160\Tools\Binn\;C:\Program Files\Microsoft SQL Server\160\DTS\Binn\;C:\Program Files\nodejs\;%MAVEN_HOME%\bin;;C:\Program Files\Docker\Docker\resources\bin;C:\Users\gabri\.anaconda\anaconda2;C:\Users\gabri\.anaconda\anaconda2\Library\mingw-w64\bin;C:\Users\gabri\.anaconda\anaconda2\Library\usr\bin;C:\Users\gabri\.anaconda\anaconda2\Library\bin;C:\Users\gabri\.anaconda\anaconda2\Scripts;C:\Users\gabri\AppData\Local\Programs\Python\Python312\Scripts\;C:\Users\gabri\AppData\Local\Programs\Python\Python312\;C:\Program Files (x86)\Common Files\Oracle\Java\javapath;C:\Windows\system32;C:\Windows;C:\Windows\System32\Wbem;C:\Windows\System32\WindowsPowerShell\v1.0\;C:\Windows\System32\OpenSSH\;C:\Program Files\dotnet\;C:\Python39;C:\Users\gabri\AppData\Local\Microsoft\WindowsApps;C:\Users\gabri\AppData\Local\Programs\Microsoft VS Code\bin;C:\Users\gabri\AppData\Roaming\npm;C:\Users\gabri\AppData\Local\Microsoft\WindowsApps;C:\Users\gabri\AppData\Local\Programs\Antigravity\bin
USERNAME=gabri
OS=Windows_NT
PROCESSOR_IDENTIFIER=Intel64 Family 6 Model 154 Stepping 4, GenuineIntel
TMP=C:\Users\gabri\AppData\Local\Temp
TEMP=C:\Users\gabri\AppData\Local\Temp




Periodic native trim disabled

---------------  S Y S T E M  ---------------

OS:
 Windows 11 , 64 bit Build 26100 (10.0.26100.8328)
OS uptime: 1 days 22:21 hours
Hyper-V role detected

CPU: total 12 (initial active 12) (6 cores per cpu, 2 threads per core) family 6 model 154 stepping 4 microcode 0x43b, cx8, cmov, fxsr, ht, mmx, 3dnowpref, sse, sse2, sse3, ssse3, sse4.1, sse4.2, popcnt, lzcnt, tsc, tscinvbit, avx, avx2, aes, erms, clmul, bmi1, bmi2, adx, sha, fma, vzeroupper, clflush, clflushopt, clwb, hv, serialize, rdtscp, rdpid, fsrm, f16c, cet_ibt, cet_ss
Processor Information for processor 0
  Max Mhz: 1700, Current Mhz: 1700, Mhz Limit: 1700
Processor Information for processor 1
  Max Mhz: 1700, Current Mhz: 1700, Mhz Limit: 1700
Processor Information for processor 2
  Max Mhz: 1700, Current Mhz: 1700, Mhz Limit: 1700
Processor Information for processor 3
  Max Mhz: 1700, Current Mhz: 1700, Mhz Limit: 1700
Processor Information for processor 4
  Max Mhz: 1700, Current Mhz: 1700, Mhz Limit: 1700
Processor Information for processor 5
  Max Mhz: 1700, Current Mhz: 1700, Mhz Limit: 1700
Processor Information for processor 6
  Max Mhz: 1700, Current Mhz: 1700, Mhz Limit: 1700
Processor Information for processor 7
  Max Mhz: 1700, Current Mhz: 1700, Mhz Limit: 1700
Processor Information for processor 8
  Max Mhz: 1700, Current Mhz: 1558, Mhz Limit: 1700
Processor Information for processor 9
  Max Mhz: 1700, Current Mhz: 1700, Mhz Limit: 1700
Processor Information for processor 10
  Max Mhz: 1700, Current Mhz: 1700, Mhz Limit: 1700
Processor Information for processor 11
  Max Mhz: 1700, Current Mhz: 1700, Mhz Limit: 1700

Memory: 4k page, system-wide physical 16068M (579M free)
TotalPageFile size 23793M (AvailPageFile size 55M)
current process WorkingSet (physical memory assigned to process): 156M, peak: 156M
current process commit charge ("private bytes"): 291M, peak: 292M

vm_info: OpenJDK 64-Bit Server VM (21.0.10+7-LTS) for windows-amd64 JRE (21.0.10+7-LTS), built on 2026-01-20T00:00:00Z by "admin" with MS VC++ 17.12 (VS2022)

END.
