#
# There is insufficient memory for the Java Runtime Environment to continue.
# Native memory allocation (malloc) failed to allocate 3374288 bytes. Error detail: Chunk::new
# Possible reasons:
#   The system is out of physical RAM or swap space
#   This process is running with CompressedOops enabled, and the Java Heap may be blocking the growth of the native heap
# Possible solutions:
#   Reduce memory load on the system
#   Increase physical memory or swap space
#   Check if swap backing store is full
#   Decrease Java heap size (-Xmx/-Xms)
#   Decrease number of Java threads
#   Decrease Java thread stack sizes (-Xss)
#   Set larger code cache with -XX:ReservedCodeCacheSize=
#   JVM is running with Unscaled Compressed Oops mode in which the Java heap is
#     placed in the first 4GB address space. The Java Heap base address is the
#     maximum limit for the native heap growth. Please use -XX:HeapBaseMinAddress
#     to set the Java Heap base and to place the Java Heap above 4GB virtual address.
# This output file may be truncated or incomplete.
#
#  Out of Memory Error (arena.cpp:168), pid=7584, tid=13384
#
# JRE version: OpenJDK Runtime Environment Temurin-21.0.10+7 (21.0.10+7) (build 21.0.10+7-LTS)
# Java VM: OpenJDK 64-Bit Server VM Temurin-21.0.10+7 (21.0.10+7-LTS, mixed mode, sharing, tiered, compressed oops, compressed class ptrs, parallel gc, windows-amd64)
# No core dump will be written. Minidumps are not enabled by default on client versions of Windows
#

---------------  S U M M A R Y ------------

Command Line: --add-modules=ALL-SYSTEM --add-opens=java.base/java.util=ALL-UNNAMED --add-opens=java.base/java.lang=ALL-UNNAMED --add-opens=java.base/sun.nio.fs=ALL-UNNAMED -Declipse.application=org.eclipse.jdt.ls.core.id1 -Dosgi.bundles.defaultStartLevel=4 -Declipse.product=org.eclipse.jdt.ls.core.product -Djava.import.generatesMetadataFilesAtProjectRoot=false -DDetectVMInstallationsJob.disabled=true -Dfile.encoding=utf8 -XX:+UseParallelGC -XX:GCTimeRatio=4 -XX:AdaptiveSizePolicyWeight=90 -Dsun.zip.disableMemoryMapping=true -Xmx2G -Xms100m -Xlog:disable -javaagent:c:\Users\gabri\.vscode\extensions\redhat.java-1.54.0-win32-x64\lombok\lombok-1.18.39-4050.jar -XX:+HeapDumpOnOutOfMemoryError -XX:HeapDumpPath=c:\Users\gabri\AppData\Roaming\Code\User\workspaceStorage\41177c61a576466bae8518b209a7c761\redhat.java -Daether.dependencyCollector.impl=bf c:\Users\gabri\.vscode\extensions\redhat.java-1.54.0-win32-x64\server\plugins\org.eclipse.equinox.launcher_1.7.100.v20251111-0406.jar -configuration c:\Users\gabri\AppData\Roaming\Code\User\globalStorage\redhat.java\1.54.0\config_win -data c:\Users\gabri\AppData\Roaming\Code\User\workspaceStorage\41177c61a576466bae8518b209a7c761\redhat.java\jdt_ws --pipe=\\.\pipe\lsp-e0f42e80663064a49873fd44738897fc-sock

Host: 12th Gen Intel(R) Core(TM) i7-1255U, 12 cores, 15G,  Windows 11 , 64 bit Build 26100 (10.0.26100.8328)
Time: Sat May 16 14:55:53 2026 Hora oficial do Brasil elapsed time: 121.754743 seconds (0d 0h 2m 1s)

---------------  T H R E A D  ---------------

Current thread (0x000002ac457ba7a0):  JavaThread "C2 CompilerThread0" daemon [_thread_in_native, id=13384, stack(0x000000d783100000,0x000000d783200000) (1024K)]


Current CompileTask:
C2:121755 13941       4       org.eclipse.jdt.internal.compiler.lookup.LookupEnvironment::getTypeFromTypeSignature (770 bytes)

Stack: [0x000000d783100000,0x000000d783200000]
Native frames: (J=compiled Java code, j=interpreted, Vv=VM code, C=native code)
V  [jvm.dll+0x6d7a39]
V  [jvm.dll+0x8b4b26]
V  [jvm.dll+0x8b70de]
V  [jvm.dll+0x8b77c3]
V  [jvm.dll+0x284346]
V  [jvm.dll+0xc66ed]
V  [jvm.dll+0xc6c31]
V  [jvm.dll+0x3bec3b]
V  [jvm.dll+0x1e3f69]
V  [jvm.dll+0x24c6b3]
V  [jvm.dll+0x24bb40]
V  [jvm.dll+0x1cb34e]
V  [jvm.dll+0x25b85d]
V  [jvm.dll+0x259dea]
V  [jvm.dll+0x3f857e]
V  [jvm.dll+0x85f59d]
V  [jvm.dll+0x6d626d]
C  [ucrtbase.dll+0x37b0]
C  [KERNEL32.DLL+0x2e957]
C  [ntdll.dll+0x427c]


---------------  P R O C E S S  ---------------

Threads class SMR info:
_java_thread_list=0x000002ac90040fc0, length=89, elements={
0x000002ac2ed16c30, 0x000002ac457b0900, 0x000002ac457b20c0, 0x000002ac457b5520,
0x000002ac457b8090, 0x000002ac457b8f00, 0x000002ac457b9960, 0x000002ac457ba7a0,
0x000002ac87c02310, 0x000002ac87e070b0, 0x000002ac87f4b490, 0x000002ac8d804ac0,
0x000002ac8d4a0640, 0x000002ac8d879cf0, 0x000002ac8d86d950, 0x000002ac8dd728d0,
0x000002ac8e279830, 0x000002ac8dc410a0, 0x000002ac8d5e3240, 0x000002ac8d5e45f0,
0x000002ac8d5e3f60, 0x000002ac8d5e2bb0, 0x000002ac8d5e2520, 0x000002ac8d5e38d0,
0x000002ac8d5e4c80, 0x000002ac8fe2f4b0, 0x000002ac8fe2fb40, 0x000002ac8fe2e790,
0x000002ac8fe2cd50, 0x000002ac8fe2c6c0, 0x000002ac8fe2d3e0, 0x000002ac8fe2ee20,
0x000002ac8fe2da70, 0x000002ac8fe2e100, 0x000002ac8e72f460, 0x000002ac8e72edd0,
0x000002ac8e72e0b0, 0x000002ac8e72c670, 0x000002ac8e72e740, 0x000002ac8e72bfe0,
0x000002ac8e72cd00, 0x000002ac8e730810, 0x000002ac8e730180, 0x000002ac8e72faf0,
0x000002ac8e730ea0, 0x000002ac8e72da20, 0x000002ac8e731530, 0x000002ac8e732250,
0x000002ac8e731bc0, 0x000002ac8e7328e0, 0x000002ac8e732f70, 0x000002ac8e733600,
0x000002ac8fa78f60, 0x000002ac8fa75ae0, 0x000002ac8fa795f0, 0x000002ac8fa76800,
0x000002ac8fa76170, 0x000002ac8fa788d0, 0x000002ac8fa79c80, 0x000002ac8fa7a310,
0x000002ac8fa76e90, 0x000002ac8fa7b030, 0x000002ac8fa7a9a0, 0x000002ac8fa7b6c0,
0x000002ac8fa7bd50, 0x000002ac8fa7c3e0, 0x000002ac8d5e5310, 0x000002ac90dfb170,
0x000002ac90dfbe90, 0x000002ac90df9dc0, 0x000002ac90dfd240, 0x000002ac90dfcbb0,
0x000002ac90dfd8d0, 0x000002ac90dfb800, 0x000002ac90dfa450, 0x000002ac90dfdf60,
0x000002ac90dfec80, 0x000002ac90dfc520, 0x000002ac90e00030, 0x000002ac90e006c0,
0x000002ac90e00d50, 0x000002ac90e013e0, 0x000002ac8fa78240, 0x000002ac9b3d46b0,
0x000002ac9b3d4d40, 0x000002ac9b3d25e0, 0x000002ac9b3d4020, 0x000002ac9b3d3990,
0x000002ac8e3f9030
}

Java Threads: ( => current thread )
  0x000002ac2ed16c30 JavaThread "main"                              [_thread_blocked, id=8280, stack(0x000000d782700000,0x000000d782800000) (1024K)]
  0x000002ac457b0900 JavaThread "Reference Handler"          daemon [_thread_blocked, id=18092, stack(0x000000d782b00000,0x000000d782c00000) (1024K)]
  0x000002ac457b20c0 JavaThread "Finalizer"                  daemon [_thread_blocked, id=26148, stack(0x000000d782c00000,0x000000d782d00000) (1024K)]
  0x000002ac457b5520 JavaThread "Signal Dispatcher"          daemon [_thread_blocked, id=14168, stack(0x000000d782d00000,0x000000d782e00000) (1024K)]
  0x000002ac457b8090 JavaThread "Attach Listener"            daemon [_thread_blocked, id=12212, stack(0x000000d782e00000,0x000000d782f00000) (1024K)]
  0x000002ac457b8f00 JavaThread "Service Thread"             daemon [_thread_blocked, id=27024, stack(0x000000d782f00000,0x000000d783000000) (1024K)]
  0x000002ac457b9960 JavaThread "Monitor Deflation Thread"   daemon [_thread_blocked, id=31908, stack(0x000000d783000000,0x000000d783100000) (1024K)]
=>0x000002ac457ba7a0 JavaThread "C2 CompilerThread0"         daemon [_thread_in_native, id=13384, stack(0x000000d783100000,0x000000d783200000) (1024K)]
  0x000002ac87c02310 JavaThread "C1 CompilerThread0"         daemon [_thread_blocked, id=18848, stack(0x000000d783200000,0x000000d783300000) (1024K)]
  0x000002ac87e070b0 JavaThread "Common-Cleaner"             daemon [_thread_blocked, id=17492, stack(0x000000d783400000,0x000000d783500000) (1024K)]
  0x000002ac87f4b490 JavaThread "Notification Thread"        daemon [_thread_blocked, id=26272, stack(0x000000d783300000,0x000000d783400000) (1024K)]
  0x000002ac8d804ac0 JavaThread "Active Thread: Equinox Container: 17866946-de44-492e-b6f3-b6781ff3c2ad"        [_thread_blocked, id=21308, stack(0x000000d783500000,0x000000d783600000) (1024K)]
  0x000002ac8d4a0640 JavaThread "Refresh Thread: Equinox Container: 17866946-de44-492e-b6f3-b6781ff3c2ad" daemon [_thread_blocked, id=1532, stack(0x000000d783600000,0x000000d783700000) (1024K)]
  0x000002ac8d879cf0 JavaThread "Framework Event Dispatcher: Equinox Container: 17866946-de44-492e-b6f3-b6781ff3c2ad" daemon [_thread_blocked, id=29140, stack(0x000000d783e00000,0x000000d783f00000) (1024K)]
  0x000002ac8d86d950 JavaThread "Start Level: Equinox Container: 17866946-de44-492e-b6f3-b6781ff3c2ad" daemon [_thread_blocked, id=13912, stack(0x000000d783f00000,0x000000d784000000) (1024K)]
  0x000002ac8dd728d0 JavaThread "Bundle File Closer"         daemon [_thread_blocked, id=20308, stack(0x000000d784200000,0x000000d784300000) (1024K)]
  0x000002ac8e279830 JavaThread "SCR Component Actor"        daemon [_thread_blocked, id=26180, stack(0x000000d784300000,0x000000d784400000) (1024K)]
  0x000002ac8dc410a0 JavaThread "Worker-JM"                         [_thread_blocked, id=19752, stack(0x000000d784400000,0x000000d784500000) (1024K)]
  0x000002ac8d5e3240 JavaThread "JNA Cleaner"                daemon [_thread_blocked, id=20060, stack(0x000000d784500000,0x000000d784600000) (1024K)]
  0x000002ac8d5e45f0 JavaThread "Worker-0"                          [_thread_blocked, id=29840, stack(0x000000d784600000,0x000000d784700000) (1024K)]
  0x000002ac8d5e3f60 JavaThread "Worker-1"                          [_thread_blocked, id=15592, stack(0x000000d784700000,0x000000d784800000) (1024K)]
  0x000002ac8d5e2bb0 JavaThread "Worker-2"                          [_thread_blocked, id=22816, stack(0x000000d784800000,0x000000d784900000) (1024K)]
  0x000002ac8d5e2520 JavaThread "Java indexing"              daemon [_thread_blocked, id=16016, stack(0x000000d784a00000,0x000000d784b00000) (1024K)]
  0x000002ac8d5e38d0 JavaThread "Worker-3"                          [_thread_blocked, id=26568, stack(0x000000d784d00000,0x000000d784e00000) (1024K)]
  0x000002ac8d5e4c80 JavaThread "Worker-4: Initialize Workspace"        [_thread_blocked, id=15304, stack(0x000000d784e00000,0x000000d784f00000) (1024K)]
  0x000002ac8fe2f4b0 JavaThread "Thread-1"                   daemon [_thread_in_native, id=7572, stack(0x000000d784f00000,0x000000d785000000) (1024K)]
  0x000002ac8fe2fb40 JavaThread "Thread-2"                   daemon [_thread_in_native, id=30864, stack(0x000000d785100000,0x000000d785200000) (1024K)]
  0x000002ac8fe2e790 JavaThread "Thread-3"                   daemon [_thread_in_native, id=14892, stack(0x000000d785200000,0x000000d785300000) (1024K)]
  0x000002ac8fe2cd50 JavaThread "Thread-4"                   daemon [_thread_in_native, id=26308, stack(0x000000d785300000,0x000000d785400000) (1024K)]
  0x000002ac8fe2c6c0 JavaThread "Thread-5"                   daemon [_thread_in_native, id=10932, stack(0x000000d785400000,0x000000d785500000) (1024K)]
  0x000002ac8fe2d3e0 JavaThread "Thread-6"                   daemon [_thread_in_native, id=2228, stack(0x000000d785500000,0x000000d785600000) (1024K)]
  0x000002ac8fe2ee20 JavaThread "Thread-7"                   daemon [_thread_in_native, id=15556, stack(0x000000d785600000,0x000000d785700000) (1024K)]
  0x000002ac8fe2da70 JavaThread "Thread-8"                   daemon [_thread_in_native, id=13404, stack(0x000000d785700000,0x000000d785800000) (1024K)]
  0x000002ac8fe2e100 JavaThread "Thread-9"                   daemon [_thread_in_native, id=29080, stack(0x000000d785800000,0x000000d785900000) (1024K)]
  0x000002ac8e72f460 JavaThread "Thread-10"                  daemon [_thread_in_native, id=21208, stack(0x000000d785900000,0x000000d785a00000) (1024K)]
  0x000002ac8e72edd0 JavaThread "Thread-11"                  daemon [_thread_in_native, id=17132, stack(0x000000d785a00000,0x000000d785b00000) (1024K)]
  0x000002ac8e72e0b0 JavaThread "Thread-12"                  daemon [_thread_in_native, id=24060, stack(0x000000d785b00000,0x000000d785c00000) (1024K)]
  0x000002ac8e72c670 JavaThread "Thread-13"                  daemon [_thread_in_native, id=32624, stack(0x000000d785c00000,0x000000d785d00000) (1024K)]
  0x000002ac8e72e740 JavaThread "pool-2-thread-1"                   [_thread_blocked, id=33172, stack(0x000000d785d00000,0x000000d785e00000) (1024K)]
  0x000002ac8e72bfe0 JavaThread "WorkspaceEventsHandler"            [_thread_blocked, id=28260, stack(0x000000d782500000,0x000000d782600000) (1024K)]
  0x000002ac8e72cd00 JavaThread "pool-1-thread-1"                   [_thread_blocked, id=29156, stack(0x000000d785f00000,0x000000d786000000) (1024K)]
  0x000002ac8e730810 JavaThread "ForkJoinPool.commonPool-worker-1" daemon [_thread_blocked, id=17420, stack(0x000000d786000000,0x000000d786100000) (1024K)]
  0x000002ac8e730180 JavaThread "ForkJoinPool.commonPool-worker-3" daemon [_thread_blocked, id=16544, stack(0x000000d786100000,0x000000d786200000) (1024K)]
  0x000002ac8e72faf0 JavaThread "ForkJoinPool.commonPool-worker-2" daemon [_thread_blocked, id=916, stack(0x000000d786200000,0x000000d786300000) (1024K)]
  0x000002ac8e730ea0 JavaThread "ForkJoinPool.commonPool-worker-4" daemon [_thread_blocked, id=17012, stack(0x000000d786300000,0x000000d786400000) (1024K)]
  0x000002ac8e72da20 JavaThread "ForkJoinPool.commonPool-worker-5" daemon [_thread_blocked, id=19096, stack(0x000000d786400000,0x000000d786500000) (1024K)]
  0x000002ac8e731530 JavaThread "ForkJoinPool.commonPool-worker-6" daemon [_thread_blocked, id=26124, stack(0x000000d786500000,0x000000d786600000) (1024K)]
  0x000002ac8e732250 JavaThread "ForkJoinPool.commonPool-worker-7" daemon [_thread_blocked, id=27524, stack(0x000000d786600000,0x000000d786700000) (1024K)]
  0x000002ac8e731bc0 JavaThread "ForkJoinPool.commonPool-worker-8" daemon [_thread_blocked, id=30044, stack(0x000000d786700000,0x000000d786800000) (1024K)]
  0x000002ac8e7328e0 JavaThread "ForkJoinPool.commonPool-worker-9" daemon [_thread_blocked, id=22432, stack(0x000000d786800000,0x000000d786900000) (1024K)]
  0x000002ac8e732f70 JavaThread "ForkJoinPool.commonPool-worker-10" daemon [_thread_blocked, id=22952, stack(0x000000d786900000,0x000000d786a00000) (1024K)]
  0x000002ac8e733600 JavaThread "ForkJoinPool.commonPool-worker-11" daemon [_thread_blocked, id=28364, stack(0x000000d786a00000,0x000000d786b00000) (1024K)]
  0x000002ac8fa78f60 JavaThread "Worker-5"                          [_thread_blocked, id=14696, stack(0x000000d785000000,0x000000d785100000) (1024K)]
  0x000002ac8fa75ae0 JavaThread "Worker-6"                          [_thread_blocked, id=32752, stack(0x000000d786b00000,0x000000d786c00000) (1024K)]
  0x000002ac8fa795f0 JavaThread "LocalFile Deleter"          daemon [_thread_blocked, id=35708, stack(0x000000d786e00000,0x000000d786f00000) (1024K)]
  0x000002ac8fa76800 JavaThread "LocalFile Deleter"          daemon [_thread_blocked, id=4952, stack(0x000000d786f00000,0x000000d787000000) (1024K)]
  0x000002ac8fa76170 JavaThread "LocalFile Deleter"          daemon [_thread_blocked, id=23780, stack(0x000000d787000000,0x000000d787100000) (1024K)]
  0x000002ac8fa788d0 JavaThread "LocalFile Deleter"          daemon [_thread_blocked, id=9520, stack(0x000000d787100000,0x000000d787200000) (1024K)]
  0x000002ac8fa79c80 JavaThread "LocalFile Deleter"          daemon [_thread_blocked, id=23688, stack(0x000000d787200000,0x000000d787300000) (1024K)]
  0x000002ac8fa7a310 JavaThread "LocalFile Deleter"          daemon [_thread_blocked, id=22452, stack(0x000000d787300000,0x000000d787400000) (1024K)]
  0x000002ac8fa76e90 JavaThread "LocalFile Deleter"          daemon [_thread_blocked, id=28104, stack(0x000000d787400000,0x000000d787500000) (1024K)]
  0x000002ac8fa7b030 JavaThread "LocalFile Deleter"          daemon [_thread_blocked, id=22512, stack(0x000000d787500000,0x000000d787600000) (1024K)]
  0x000002ac8fa7a9a0 JavaThread "LocalFile Deleter"          daemon [_thread_blocked, id=24500, stack(0x000000d787600000,0x000000d787700000) (1024K)]
  0x000002ac8fa7b6c0 JavaThread "LocalFile Deleter"          daemon [_thread_blocked, id=7596, stack(0x000000d787700000,0x000000d787800000) (1024K)]
  0x000002ac8fa7bd50 JavaThread "LocalFile Deleter"          daemon [_thread_blocked, id=5696, stack(0x000000d787800000,0x000000d787900000) (1024K)]
  0x000002ac8fa7c3e0 JavaThread "LocalFile Deleter"          daemon [_thread_blocked, id=32640, stack(0x000000d787900000,0x000000d787a00000) (1024K)]
  0x000002ac8d5e5310 JavaThread "Compiler Source File Reader" daemon [_thread_blocked, id=28440, stack(0x000000d787a00000,0x000000d787b00000) (1024K)]
  0x000002ac90dfb170 JavaThread "Compiler Source File Reader" daemon [_thread_blocked, id=11272, stack(0x000000d787b00000,0x000000d787c00000) (1024K)]
  0x000002ac90dfbe90 JavaThread "Compiler Source File Reader" daemon [_thread_blocked, id=21004, stack(0x000000d787c00000,0x000000d787d00000) (1024K)]
  0x000002ac90df9dc0 JavaThread "Compiler Source File Reader" daemon [_thread_blocked, id=31464, stack(0x000000d787d00000,0x000000d787e00000) (1024K)]
  0x000002ac90dfd240 JavaThread "Compiler Source File Reader" daemon [_thread_blocked, id=26320, stack(0x000000d787e00000,0x000000d787f00000) (1024K)]
  0x000002ac90dfcbb0 JavaThread "Compiler Source File Reader" daemon [_thread_blocked, id=33788, stack(0x000000d787f00000,0x000000d788000000) (1024K)]
  0x000002ac90dfd8d0 JavaThread "Compiler Source File Reader" daemon [_thread_blocked, id=16188, stack(0x000000d788000000,0x000000d788100000) (1024K)]
  0x000002ac90dfb800 JavaThread "Compiler Source File Reader" daemon [_thread_blocked, id=35416, stack(0x000000d788100000,0x000000d788200000) (1024K)]
  0x000002ac90dfa450 JavaThread "Compiler Source File Reader" daemon [_thread_blocked, id=30636, stack(0x000000d788200000,0x000000d788300000) (1024K)]
  0x000002ac90dfdf60 JavaThread "Compiler Source File Reader" daemon [_thread_blocked, id=32200, stack(0x000000d788300000,0x000000d788400000) (1024K)]
  0x000002ac90dfec80 JavaThread "Compiler Processing Task"   daemon [_thread_blocked, id=22152, stack(0x000000d784c00000,0x000000d784d00000) (1024K)]
  0x000002ac90dfc520 JavaThread "Compiler Class File Writer" daemon [_thread_blocked, id=26872, stack(0x000000d786c00000,0x000000d786d00000) (1024K)]
  0x000002ac90e00030 JavaThread "Compiler Class File Writer" daemon [_thread_blocked, id=29376, stack(0x000000d786d00000,0x000000d786e00000) (1024K)]
  0x000002ac90e006c0 JavaThread "Compiler Class File Writer" daemon [_thread_blocked, id=24768, stack(0x000000d788400000,0x000000d788500000) (1024K)]
  0x000002ac90e00d50 JavaThread "Compiler Class File Writer" daemon [_thread_blocked, id=30712, stack(0x000000d788500000,0x000000d788600000) (1024K)]
  0x000002ac90e013e0 JavaThread "Compiler Class File Writer" daemon [_thread_blocked, id=6876, stack(0x000000d788600000,0x000000d788700000) (1024K)]
  0x000002ac8fa78240 JavaThread "Compiler Class File Writer" daemon [_thread_blocked, id=17548, stack(0x000000d788700000,0x000000d788800000) (1024K)]
  0x000002ac9b3d46b0 JavaThread "Compiler Class File Writer" daemon [_thread_blocked, id=2372, stack(0x000000d788800000,0x000000d788900000) (1024K)]
  0x000002ac9b3d4d40 JavaThread "Compiler Class File Writer" daemon [_thread_blocked, id=16676, stack(0x000000d788900000,0x000000d788a00000) (1024K)]
  0x000002ac9b3d25e0 JavaThread "Compiler Class File Writer" daemon [_thread_blocked, id=16436, stack(0x000000d788a00000,0x000000d788b00000) (1024K)]
  0x000002ac9b3d4020 JavaThread "Compiler Class File Writer" daemon [_thread_blocked, id=3844, stack(0x000000d788b00000,0x000000d788c00000) (1024K)]
  0x000002ac9b3d3990 JavaThread "Cleaner-0"                  daemon [_thread_blocked, id=35616, stack(0x000000d788c00000,0x000000d788d00000) (1024K)]
  0x000002ac8e3f9030 JavaThread "C2 CompilerThread1"         daemon [_thread_blocked, id=17000, stack(0x000000d782400000,0x000000d782500000) (1024K)]
Total: 89

Other Threads:
  0x000002ac457a4490 VMThread "VM Thread"                           [id=15984, stack(0x000000d782a00000,0x000000d782b00000) (1024K)]
  0x000002ac4569ca10 WatcherThread "VM Periodic Task Thread"        [id=30796, stack(0x000000d782900000,0x000000d782a00000) (1024K)]
  0x000002ac2ed36130 WorkerThread "GC Thread#0"                     [id=32996, stack(0x000000d782800000,0x000000d782900000) (1024K)]
  0x000002ac8d5d4f60 WorkerThread "GC Thread#1"                     [id=480, stack(0x000000d783700000,0x000000d783800000) (1024K)]
  0x000002ac8d6f86b0 WorkerThread "GC Thread#2"                     [id=32696, stack(0x000000d783800000,0x000000d783900000) (1024K)]
  0x000002ac8d6f7ba0 WorkerThread "GC Thread#3"                     [id=34864, stack(0x000000d783900000,0x000000d783a00000) (1024K)]
  0x000002ac8d6f7f50 WorkerThread "GC Thread#4"                     [id=18352, stack(0x000000d783a00000,0x000000d783b00000) (1024K)]
  0x000002ac8d6f8300 WorkerThread "GC Thread#5"                     [id=18528, stack(0x000000d783b00000,0x000000d783c00000) (1024K)]
  0x000002ac8d6f8a60 WorkerThread "GC Thread#6"                     [id=20288, stack(0x000000d783c00000,0x000000d783d00000) (1024K)]
  0x000002ac8d6f77f0 WorkerThread "GC Thread#7"                     [id=23788, stack(0x000000d783d00000,0x000000d783e00000) (1024K)]
  0x000002ac8dc27f10 WorkerThread "GC Thread#8"                     [id=12472, stack(0x000000d784000000,0x000000d784100000) (1024K)]
  0x000002ac8dc2ab50 WorkerThread "GC Thread#9"                     [id=21396, stack(0x000000d784100000,0x000000d784200000) (1024K)]
Total: 12

Threads with active compile tasks:
C2 CompilerThread0  121880 13941       4       org.eclipse.jdt.internal.compiler.lookup.LookupEnvironment::getTypeFromTypeSignature (770 bytes)
Total: 1

VM state: not at safepoint (normal execution)

VM Mutex/Monitor currently owned by a thread: None

Heap address: 0x0000000080000000, size: 2048 MB, Compressed Oops mode: 32-bit

CDS archive(s) mapped at: [0x000002ac46000000-0x000002ac46ba0000-0x000002ac46ba0000), size 12189696, SharedBaseAddress: 0x000002ac46000000, ArchiveRelocationMode: 1.
Compressed class space mapped at: 0x000002ac47000000-0x000002ac87000000, reserved size: 1073741824
Narrow klass base: 0x000002ac46000000, Narrow klass shift: 0, Narrow klass range: 0x100000000

GC Precious Log:
 CardTable entry size: 512
 CPUs: 12 total, 12 available
 Memory: 16068M
 Large Page Support: Disabled
 NUMA Support: Disabled
 Compressed Oops: Enabled (32-bit)
 Alignments: Space 512K, Generation 512K, Heap 2M
 Heap Min Capacity: 100M
 Heap Initial Capacity: 100M
 Heap Max Capacity: 2G
 Pre-touch: Disabled
 Parallel Workers: 10

Heap:
 PSYoungGen      total 7168K, used 2170K [0x00000000d5580000, 0x00000000d5f00000, 0x0000000100000000)
  eden space 6144K, 19% used [0x00000000d5580000,0x00000000d56b2090,0x00000000d5b80000)
  from space 1024K, 92% used [0x00000000d5e00000,0x00000000d5eec948,0x00000000d5f00000)
  to   space 1536K, 0% used [0x00000000d5c00000,0x00000000d5c00000,0x00000000d5d80000)
 ParOldGen       total 212992K, used 212628K [0x0000000080000000, 0x000000008d000000, 0x00000000d5580000)
  object space 212992K, 99% used [0x0000000080000000,0x000000008cfa5370,0x000000008d000000)
 Metaspace       used 76305K, committed 77824K, reserved 1179648K
  class space    used 8006K, committed 8704K, reserved 1048576K

Card table byte_map: [0x000002ac2e6c0000,0x000002ac2ead0000] _byte_map_base: 0x000002ac2e2c0000

Marking Bits: (ParMarkBitMap*) 0x00007ffa26593450
 Begin Bits: [0x000002ac411c0000, 0x000002ac431c0000)
 End Bits:   [0x000002ac431c0000, 0x000002ac451c0000)

Polling page: 0x000002ac2cf60000

Metaspace:

Usage:
  Non-class:     66.70 MB used.
      Class:      7.82 MB used.
       Both:     74.52 MB used.

Virtual space:
  Non-class space:      128.00 MB reserved,      67.50 MB ( 53%) committed,  2 nodes.
      Class space:        1.00 GB reserved,       8.50 MB ( <1%) committed,  1 nodes.
             Both:        1.12 GB reserved,      76.00 MB (  7%) committed. 

Chunk freelists:
   Non-Class:  12.44 MB
       Class:  7.46 MB
        Both:  19.90 MB

MaxMetaspaceSize: unlimited
CompressedClassSpaceSize: 1.00 GB
Initial GC threshold: 21.00 MB
Current GC threshold: 97.31 MB
CDS: on
 - commit_granule_bytes: 65536.
 - commit_granule_words: 8192.
 - virtual_space_node_default_size: 8388608.
 - enlarge_chunks_in_place: 1.
 - use_allocation_guard: 0.


Internal statistics:

num_allocs_failed_limit: 9.
num_arena_births: 1370.
num_arena_deaths: 14.
num_vsnodes_births: 3.
num_vsnodes_deaths: 0.
num_space_committed: 1216.
num_space_uncommitted: 0.
num_chunks_returned_to_freelist: 23.
num_chunks_taken_from_freelist: 5020.
num_chunk_merges: 15.
num_chunk_splits: 2947.
num_chunks_enlarged: 1508.
num_inconsistent_stats: 0.

CodeHeap 'non-profiled nmethods': size=120000Kb used=10377Kb max_used=10377Kb free=109622Kb
 bounds [0x000002ac399e0000, 0x000002ac3a410000, 0x000002ac40f10000]
CodeHeap 'profiled nmethods': size=120000Kb used=30352Kb max_used=30352Kb free=89647Kb
 bounds [0x000002ac31f10000, 0x000002ac33cc0000, 0x000002ac39440000]
CodeHeap 'non-nmethods': size=5760Kb used=1502Kb max_used=1600Kb free=4257Kb
 bounds [0x000002ac39440000, 0x000002ac396b0000, 0x000002ac399e0000]
CodeCache: size=245760Kb, used=42231Kb, max_used=42329Kb, free=203526Kb
 total_blobs=13908, nmethods=13082, adapters=730, full_count=0
Compilation: enabled, stopped_count=0, restarted_count=0

Compilation events (20 events):
Event: 118.917 Thread 0x000002ac87c02310 nmethod 14000 0x000002ac33cae590 code [0x000002ac33cae980, 0x000002ac33cafec0]
Event: 118.918 Thread 0x000002ac87c02310 13997       3       org.eclipse.jdt.internal.core.index.EntryResult::isEmpty (18 bytes)
Event: 118.919 Thread 0x000002ac87c02310 nmethod 13997 0x000002ac33cb0390 code [0x000002ac33cb0540, 0x000002ac33cb06e8]
Event: 118.919 Thread 0x000002ac87c02310 13998       3       org.eclipse.jdt.internal.compiler.util.SimpleSet::<init> (36 bytes)
Event: 118.920 Thread 0x000002ac8e3f9030 nmethod 13993 0x000002ac3a400790 code [0x000002ac3a400920, 0x000002ac3a400a08]
Event: 118.920 Thread 0x000002ac87c02310 nmethod 13998 0x000002ac33cb0790 code [0x000002ac33cb0940, 0x000002ac33cb0ba8]
Event: 118.920 Thread 0x000002ac8e3f9030 14003       4       org.eclipse.jdt.internal.core.index.DiskIndex::readStreamChars (529 bytes)
Event: 118.920 Thread 0x000002ac87c02310 14001       3       org.eclipse.jdt.internal.core.index.IndexQualifier::qualifier (10 bytes)
Event: 118.921 Thread 0x000002ac87c02310 nmethod 14001 0x000002ac33cb0c90 code [0x000002ac33cb0e40, 0x000002ac33cb1078]
Event: 118.921 Thread 0x000002ac87c02310 14002       3       org.eclipse.jdt.internal.core.index.IndexQualifier::<init> (15 bytes)
Event: 118.921 Thread 0x000002ac87c02310 nmethod 14002 0x000002ac33cb1190 code [0x000002ac33cb1340, 0x000002ac33cb14d8]
Event: 118.921 Thread 0x000002ac87c02310 13999  s!   3       org.eclipse.jdt.internal.core.index.DiskIndex::readDocumentNumbers (163 bytes)
Event: 118.923 Thread 0x000002ac87c02310 nmethod 13999 0x000002ac33cb1590 code [0x000002ac33cb1820, 0x000002ac33cb2740]
Event: 118.927 Thread 0x000002ac87c02310 14004       3       org.eclipse.jdt.internal.core.index.MetaIndex::addIndexEntry (27 bytes)
Event: 118.931 Thread 0x000002ac87c02310 nmethod 14004 0x000002ac33cb2d10 code [0x000002ac33cb2f60, 0x000002ac33cb3920]
Event: 118.932 Thread 0x000002ac87c02310 14005       3       org.eclipse.jdt.internal.core.index.MetaIndex$$Lambda/0x000002ac47735df0::<init> (10 bytes)
Event: 118.932 Thread 0x000002ac87c02310 nmethod 14005 0x000002ac33cb3d10 code [0x000002ac33cb3ec0, 0x000002ac33cb4048]
Event: 119.041 Thread 0x000002ac8e3f9030 nmethod 14003 0x000002ac3a400b10 code [0x000002ac3a400d40, 0x000002ac3a401c38]
Event: 119.041 Thread 0x000002ac8e3f9030 13994       4       java.lang.invoke.DirectMethodHandle$Holder::invokeStatic (21 bytes)
Event: 119.045 Thread 0x000002ac8e3f9030 nmethod 13994 0x000002ac3a402290 code [0x000002ac3a402420, 0x000002ac3a402520]

GC Heap History (20 events):
Event: 111.339 GC heap before
{Heap before GC invocations=252 (full 3):
 PSYoungGen      total 7168K, used 7168K [0x00000000d5580000, 0x00000000d5e80000, 0x0000000100000000)
  eden space 6656K, 100% used [0x00000000d5580000,0x00000000d5c00000,0x00000000d5c00000)
  from space 512K, 100% used [0x00000000d5e00000,0x00000000d5e80000,0x00000000d5e80000)
  to   space 1024K, 0% used [0x00000000d5c80000,0x00000000d5c80000,0x00000000d5d80000)
 ParOldGen       total 198144K, used 197857K [0x0000000080000000, 0x000000008c180000, 0x00000000d5580000)
  object space 198144K, 99% used [0x0000000080000000,0x000000008c138760,0x000000008c180000)
 Metaspace       used 75655K, committed 77248K, reserved 1179648K
  class space    used 7970K, committed 8704K, reserved 1048576K
}
Event: 111.346 GC heap after
{Heap after GC invocations=252 (full 3):
 PSYoungGen      total 7680K, used 570K [0x00000000d5580000, 0x00000000d5e80000, 0x0000000100000000)
  eden space 6656K, 0% used [0x00000000d5580000,0x00000000d5580000,0x00000000d5c00000)
  from space 1024K, 55% used [0x00000000d5c80000,0x00000000d5d0e8e8,0x00000000d5d80000)
  to   space 1024K, 0% used [0x00000000d5d80000,0x00000000d5d80000,0x00000000d5e80000)
 ParOldGen       total 198656K, used 198177K [0x0000000080000000, 0x000000008c200000, 0x00000000d5580000)
  object space 198656K, 99% used [0x0000000080000000,0x000000008c188760,0x000000008c200000)
 Metaspace       used 75655K, committed 77248K, reserved 1179648K
  class space    used 7970K, committed 8704K, reserved 1048576K
}
Event: 113.391 GC heap before
{Heap before GC invocations=253 (full 3):
 PSYoungGen      total 7680K, used 7226K [0x00000000d5580000, 0x00000000d5e80000, 0x0000000100000000)
  eden space 6656K, 100% used [0x00000000d5580000,0x00000000d5c00000,0x00000000d5c00000)
  from space 1024K, 55% used [0x00000000d5c80000,0x00000000d5d0e8e8,0x00000000d5d80000)
  to   space 1024K, 0% used [0x00000000d5d80000,0x00000000d5d80000,0x00000000d5e80000)
 ParOldGen       total 198656K, used 198177K [0x0000000080000000, 0x000000008c200000, 0x00000000d5580000)
  object space 198656K, 99% used [0x0000000080000000,0x000000008c188760,0x000000008c200000)
 Metaspace       used 75985K, committed 77568K, reserved 1179648K
  class space    used 7999K, committed 8704K, reserved 1048576K
}
Event: 113.399 GC heap after
{Heap after GC invocations=253 (full 3):
 PSYoungGen      total 7168K, used 1005K [0x00000000d5580000, 0x00000000d6000000, 0x0000000100000000)
  eden space 6144K, 0% used [0x00000000d5580000,0x00000000d5580000,0x00000000d5b80000)
  from space 1024K, 98% used [0x00000000d5d80000,0x00000000d5e7b510,0x00000000d5e80000)
  to   space 2048K, 0% used [0x00000000d5b80000,0x00000000d5b80000,0x00000000d5d80000)
 ParOldGen       total 199168K, used 198702K [0x0000000080000000, 0x000000008c280000, 0x00000000d5580000)
  object space 199168K, 99% used [0x0000000080000000,0x000000008c20b918,0x000000008c280000)
 Metaspace       used 75985K, committed 77568K, reserved 1179648K
  class space    used 7999K, committed 8704K, reserved 1048576K
}
Event: 113.945 GC heap before
{Heap before GC invocations=254 (full 3):
 PSYoungGen      total 7168K, used 7097K [0x00000000d5580000, 0x00000000d6000000, 0x0000000100000000)
  eden space 6144K, 99% used [0x00000000d5580000,0x00000000d5b731a8,0x00000000d5b80000)
  from space 1024K, 98% used [0x00000000d5d80000,0x00000000d5e7b510,0x00000000d5e80000)
  to   space 2048K, 0% used [0x00000000d5b80000,0x00000000d5b80000,0x00000000d5d80000)
 ParOldGen       total 199168K, used 198702K [0x0000000080000000, 0x000000008c280000, 0x00000000d5580000)
  object space 199168K, 99% used [0x0000000080000000,0x000000008c20b918,0x000000008c280000)
 Metaspace       used 76036K, committed 77568K, reserved 1179648K
  class space    used 8001K, committed 8704K, reserved 1048576K
}
Event: 113.956 GC heap after
{Heap after GC invocations=254 (full 3):
 PSYoungGen      total 8192K, used 2039K [0x00000000d5580000, 0x00000000d6780000, 0x0000000100000000)
  eden space 6144K, 0% used [0x00000000d5580000,0x00000000d5580000,0x00000000d5b80000)
  from space 2048K, 99% used [0x00000000d5b80000,0x00000000d5d7de38,0x00000000d5d80000)
  to   space 6144K, 0% used [0x00000000d6180000,0x00000000d6180000,0x00000000d6780000)
 ParOldGen       total 201728K, used 201677K [0x0000000080000000, 0x000000008c500000, 0x00000000d5580000)
  object space 201728K, 99% used [0x0000000080000000,0x000000008c4f37b0,0x000000008c500000)
 Metaspace       used 76036K, committed 77568K, reserved 1179648K
  class space    used 8001K, committed 8704K, reserved 1048576K
}
Event: 114.352 GC heap before
{Heap before GC invocations=255 (full 3):
 PSYoungGen      total 8192K, used 8183K [0x00000000d5580000, 0x00000000d6780000, 0x0000000100000000)
  eden space 6144K, 99% used [0x00000000d5580000,0x00000000d5b7fff8,0x00000000d5b80000)
  from space 2048K, 99% used [0x00000000d5b80000,0x00000000d5d7de38,0x00000000d5d80000)
  to   space 6144K, 0% used [0x00000000d6180000,0x00000000d6180000,0x00000000d6780000)
 ParOldGen       total 201728K, used 201677K [0x0000000080000000, 0x000000008c500000, 0x00000000d5580000)
  object space 201728K, 99% used [0x0000000080000000,0x000000008c4f37b0,0x000000008c500000)
 Metaspace       used 76048K, committed 77632K, reserved 1179648K
  class space    used 8001K, committed 8704K, reserved 1048576K
}
Event: 114.361 GC heap after
{Heap after GC invocations=255 (full 3):
 PSYoungGen      total 10752K, used 4124K [0x00000000d5580000, 0x00000000d6600000, 0x0000000100000000)
  eden space 6144K, 0% used [0x00000000d5580000,0x00000000d5580000,0x00000000d5b80000)
  from space 4608K, 89% used [0x00000000d6180000,0x00000000d65872a8,0x00000000d6600000)
  to   space 4608K, 0% used [0x00000000d5d00000,0x00000000d5d00000,0x00000000d6180000)
 ParOldGen       total 203776K, used 203738K [0x0000000080000000, 0x000000008c700000, 0x00000000d5580000)
  object space 203776K, 99% used [0x0000000080000000,0x000000008c6f6890,0x000000008c700000)
 Metaspace       used 76048K, committed 77632K, reserved 1179648K
  class space    used 8001K, committed 8704K, reserved 1048576K
}
Event: 115.687 GC heap before
{Heap before GC invocations=256 (full 3):
 PSYoungGen      total 10752K, used 10268K [0x00000000d5580000, 0x00000000d6600000, 0x0000000100000000)
  eden space 6144K, 100% used [0x00000000d5580000,0x00000000d5b80000,0x00000000d5b80000)
  from space 4608K, 89% used [0x00000000d6180000,0x00000000d65872a8,0x00000000d6600000)
  to   space 4608K, 0% used [0x00000000d5d00000,0x00000000d5d00000,0x00000000d6180000)
 ParOldGen       total 203776K, used 203738K [0x0000000080000000, 0x000000008c700000, 0x00000000d5580000)
  object space 203776K, 99% used [0x0000000080000000,0x000000008c6f6890,0x000000008c700000)
 Metaspace       used 76101K, committed 77696K, reserved 1179648K
  class space    used 8002K, committed 8704K, reserved 1048576K
}
Event: 115.700 GC heap after
{Heap after GC invocations=256 (full 3):
 PSYoungGen      total 7168K, used 704K [0x00000000d5580000, 0x00000000d6200000, 0x0000000100000000)
  eden space 6144K, 0% used [0x00000000d5580000,0x00000000d5580000,0x00000000d5b80000)
  from space 1024K, 68% used [0x00000000d5d00000,0x00000000d5db0000,0x00000000d5e00000)
  to   space 2048K, 0% used [0x00000000d6000000,0x00000000d6000000,0x00000000d6200000)
 ParOldGen       total 207872K, used 207671K [0x0000000080000000, 0x000000008cb00000, 0x00000000d5580000)
  object space 207872K, 99% used [0x0000000080000000,0x000000008cacde20,0x000000008cb00000)
 Metaspace       used 76101K, committed 77696K, reserved 1179648K
  class space    used 8002K, committed 8704K, reserved 1048576K
}
Event: 116.797 GC heap before
{Heap before GC invocations=257 (full 3):
 PSYoungGen      total 7168K, used 6848K [0x00000000d5580000, 0x00000000d6200000, 0x0000000100000000)
  eden space 6144K, 100% used [0x00000000d5580000,0x00000000d5b80000,0x00000000d5b80000)
  from space 1024K, 68% used [0x00000000d5d00000,0x00000000d5db0000,0x00000000d5e00000)
  to   space 2048K, 0% used [0x00000000d6000000,0x00000000d6000000,0x00000000d6200000)
 ParOldGen       total 207872K, used 207671K [0x0000000080000000, 0x000000008cb00000, 0x00000000d5580000)
  object space 207872K, 99% used [0x0000000080000000,0x000000008cacde20,0x000000008cb00000)
 Metaspace       used 76152K, committed 77696K, reserved 1179648K
  class space    used 8004K, committed 8704K, reserved 1048576K
}
Event: 116.805 GC heap after
{Heap after GC invocations=257 (full 3):
 PSYoungGen      total 8192K, used 2037K [0x00000000d5580000, 0x00000000d6200000, 0x0000000100000000)
  eden space 6144K, 0% used [0x00000000d5580000,0x00000000d5580000,0x00000000d5b80000)
  from space 2048K, 99% used [0x00000000d6000000,0x00000000d61fd778,0x00000000d6200000)
  to   space 3072K, 0% used [0x00000000d5c00000,0x00000000d5c00000,0x00000000d5f00000)
 ParOldGen       total 208384K, used 208287K [0x0000000080000000, 0x000000008cb80000, 0x00000000d5580000)
  object space 208384K, 99% used [0x0000000080000000,0x000000008cb67ea0,0x000000008cb80000)
 Metaspace       used 76152K, committed 77696K, reserved 1179648K
  class space    used 8004K, committed 8704K, reserved 1048576K
}
Event: 117.316 GC heap before
{Heap before GC invocations=258 (full 3):
 PSYoungGen      total 8192K, used 8181K [0x00000000d5580000, 0x00000000d6200000, 0x0000000100000000)
  eden space 6144K, 100% used [0x00000000d5580000,0x00000000d5b80000,0x00000000d5b80000)
  from space 2048K, 99% used [0x00000000d6000000,0x00000000d61fd778,0x00000000d6200000)
  to   space 3072K, 0% used [0x00000000d5c00000,0x00000000d5c00000,0x00000000d5f00000)
 ParOldGen       total 208384K, used 208287K [0x0000000080000000, 0x000000008cb80000, 0x00000000d5580000)
  object space 208384K, 99% used [0x0000000080000000,0x000000008cb67ea0,0x000000008cb80000)
 Metaspace       used 76189K, committed 77760K, reserved 1179648K
  class space    used 8004K, committed 8704K, reserved 1048576K
}
Event: 117.319 GC heap after
{Heap after GC invocations=258 (full 3):
 PSYoungGen      total 9216K, used 320K [0x00000000d5580000, 0x00000000d6080000, 0x0000000100000000)
  eden space 6144K, 0% used [0x00000000d5580000,0x00000000d5580000,0x00000000d5b80000)
  from space 3072K, 10% used [0x00000000d5c00000,0x00000000d5c50000,0x00000000d5f00000)
  to   space 1536K, 0% used [0x00000000d5f00000,0x00000000d5f00000,0x00000000d6080000)
 ParOldGen       total 208896K, used 208710K [0x0000000080000000, 0x000000008cc00000, 0x00000000d5580000)
  object space 208896K, 99% used [0x0000000080000000,0x000000008cbd1898,0x000000008cc00000)
 Metaspace       used 76189K, committed 77760K, reserved 1179648K
  class space    used 8004K, committed 8704K, reserved 1048576K
}
Event: 118.036 GC heap before
{Heap before GC invocations=259 (full 3):
 PSYoungGen      total 9216K, used 6464K [0x00000000d5580000, 0x00000000d6080000, 0x0000000100000000)
  eden space 6144K, 100% used [0x00000000d5580000,0x00000000d5b80000,0x00000000d5b80000)
  from space 3072K, 10% used [0x00000000d5c00000,0x00000000d5c50000,0x00000000d5f00000)
  to   space 1536K, 0% used [0x00000000d5f00000,0x00000000d5f00000,0x00000000d6080000)
 ParOldGen       total 208896K, used 208710K [0x0000000080000000, 0x000000008cc00000, 0x00000000d5580000)
  object space 208896K, 99% used [0x0000000080000000,0x000000008cbd1898,0x000000008cc00000)
 Metaspace       used 76206K, committed 77760K, reserved 1179648K
  class space    used 8004K, committed 8704K, reserved 1048576K
}
Event: 118.043 GC heap after
{Heap after GC invocations=259 (full 3):
 PSYoungGen      total 7680K, used 1504K [0x00000000d5580000, 0x00000000d6080000, 0x0000000100000000)
  eden space 6144K, 0% used [0x00000000d5580000,0x00000000d5580000,0x00000000d5b80000)
  from space 1536K, 97% used [0x00000000d5f00000,0x00000000d6078010,0x00000000d6080000)
  to   space 2560K, 0% used [0x00000000d5b80000,0x00000000d5b80000,0x00000000d5e00000)
 ParOldGen       total 209408K, used 209134K [0x0000000080000000, 0x000000008cc80000, 0x00000000d5580000)
  object space 209408K, 99% used [0x0000000080000000,0x000000008cc3b898,0x000000008cc80000)
 Metaspace       used 76206K, committed 77760K, reserved 1179648K
  class space    used 8004K, committed 8704K, reserved 1048576K
}
Event: 118.336 GC heap before
{Heap before GC invocations=260 (full 3):
 PSYoungGen      total 7680K, used 7648K [0x00000000d5580000, 0x00000000d6080000, 0x0000000100000000)
  eden space 6144K, 100% used [0x00000000d5580000,0x00000000d5b80000,0x00000000d5b80000)
  from space 1536K, 97% used [0x00000000d5f00000,0x00000000d6078010,0x00000000d6080000)
  to   space 2560K, 0% used [0x00000000d5b80000,0x00000000d5b80000,0x00000000d5e00000)
 ParOldGen       total 209408K, used 209134K [0x0000000080000000, 0x000000008cc80000, 0x00000000d5580000)
  object space 209408K, 99% used [0x0000000080000000,0x000000008cc3b898,0x000000008cc80000)
 Metaspace       used 76250K, committed 77760K, reserved 1179648K
  class space    used 8004K, committed 8704K, reserved 1048576K
}
Event: 118.346 GC heap after
{Heap after GC invocations=260 (full 3):
 PSYoungGen      total 8704K, used 2080K [0x00000000d5580000, 0x00000000d6080000, 0x0000000100000000)
  eden space 6144K, 0% used [0x00000000d5580000,0x00000000d5580000,0x00000000d5b80000)
  from space 2560K, 81% used [0x00000000d5b80000,0x00000000d5d88010,0x00000000d5e00000)
  to   space 2560K, 0% used [0x00000000d5e00000,0x00000000d5e00000,0x00000000d6080000)
 ParOldGen       total 210944K, used 210686K [0x0000000080000000, 0x000000008ce00000, 0x00000000d5580000)
  object space 210944K, 99% used [0x0000000080000000,0x000000008cdbf8c8,0x000000008ce00000)
 Metaspace       used 76250K, committed 77760K, reserved 1179648K
  class space    used 8004K, committed 8704K, reserved 1048576K
}
Event: 118.743 GC heap before
{Heap before GC invocations=261 (full 3):
 PSYoungGen      total 8704K, used 8224K [0x00000000d5580000, 0x00000000d6080000, 0x0000000100000000)
  eden space 6144K, 100% used [0x00000000d5580000,0x00000000d5b80000,0x00000000d5b80000)
  from space 2560K, 81% used [0x00000000d5b80000,0x00000000d5d88010,0x00000000d5e00000)
  to   space 2560K, 0% used [0x00000000d5e00000,0x00000000d5e00000,0x00000000d6080000)
 ParOldGen       total 210944K, used 210686K [0x0000000080000000, 0x000000008ce00000, 0x00000000d5580000)
  object space 210944K, 99% used [0x0000000080000000,0x000000008cdbf8c8,0x000000008ce00000)
 Metaspace       used 76261K, committed 77824K, reserved 1179648K
  class space    used 8004K, committed 8704K, reserved 1048576K
}
Event: 118.754 GC heap after
{Heap after GC invocations=261 (full 3):
 PSYoungGen      total 7168K, used 946K [0x00000000d5580000, 0x00000000d5f00000, 0x0000000100000000)
  eden space 6144K, 0% used [0x00000000d5580000,0x00000000d5580000,0x00000000d5b80000)
  from space 1024K, 92% used [0x00000000d5e00000,0x00000000d5eec948,0x00000000d5f00000)
  to   space 1536K, 0% used [0x00000000d5c00000,0x00000000d5c00000,0x00000000d5d80000)
 ParOldGen       total 212992K, used 212628K [0x0000000080000000, 0x000000008d000000, 0x00000000d5580000)
  object space 212992K, 99% used [0x0000000080000000,0x000000008cfa5370,0x000000008d000000)
 Metaspace       used 76261K, committed 77824K, reserved 1179648K
  class space    used 8004K, committed 8704K, reserved 1048576K
}

Dll operation events (12 events):
Event: 0.055 Loaded shared library c:\Users\gabri\.vscode\extensions\redhat.java-1.54.0-win32-x64\jre\21.0.10-win32-x86_64\bin\java.dll
Event: 0.297 Loaded shared library c:\Users\gabri\.vscode\extensions\redhat.java-1.54.0-win32-x64\jre\21.0.10-win32-x86_64\bin\zip.dll
Event: 0.376 Loaded shared library C:\Users\gabri\.vscode\extensions\redhat.java-1.54.0-win32-x64\jre\21.0.10-win32-x86_64\bin\instrument.dll
Event: 0.390 Loaded shared library C:\Users\gabri\.vscode\extensions\redhat.java-1.54.0-win32-x64\jre\21.0.10-win32-x86_64\bin\net.dll
Event: 0.400 Loaded shared library C:\Users\gabri\.vscode\extensions\redhat.java-1.54.0-win32-x64\jre\21.0.10-win32-x86_64\bin\nio.dll
Event: 0.412 Loaded shared library C:\Users\gabri\.vscode\extensions\redhat.java-1.54.0-win32-x64\jre\21.0.10-win32-x86_64\bin\zip.dll
Event: 0.465 Loaded shared library C:\Users\gabri\.vscode\extensions\redhat.java-1.54.0-win32-x64\jre\21.0.10-win32-x86_64\bin\jimage.dll
Event: 0.687 Loaded shared library c:\Users\gabri\.vscode\extensions\redhat.java-1.54.0-win32-x64\jre\21.0.10-win32-x86_64\bin\verify.dll
Event: 4.522 Loaded shared library C:\Users\gabri\AppData\Roaming\Code\User\globalStorage\redhat.java\1.54.0\config_win\org.eclipse.equinox.launcher\org.eclipse.equinox.launcher.win32.win32.x86_64_1.3.0.v20260203-2149\eclipse_11919.dll
Event: 14.193 Loaded shared library C:\Users\gabri\AppData\Local\Temp\jna-98110207\jna17005210977903398253.dll
Event: 29.283 Loaded shared library C:\Users\gabri\.vscode\extensions\redhat.java-1.54.0-win32-x64\jre\21.0.10-win32-x86_64\bin\sunmscapi.dll
Event: 29.821 Loaded shared library C:\Users\gabri\.vscode\extensions\redhat.java-1.54.0-win32-x64\jre\21.0.10-win32-x86_64\bin\extnet.dll

Deoptimization events (20 events):
Event: 118.490 Thread 0x000002ac8d5e2520 Uncommon trap: trap_request=0xffffffd6 fr.pc=0x000002ac3a3f068c relative=0x000000000000134c
Event: 118.490 Thread 0x000002ac8d5e2520 Uncommon trap: reason=array_check action=maybe_recompile pc=0x000002ac3a3f068c method=java.util.TimSort.reverseRange([Ljava/lang/Object;II)V @ 20 c2
Event: 118.490 Thread 0x000002ac8d5e2520 DEOPT PACKING pc=0x000002ac3a3f068c sp=0x000000d784afd200
Event: 118.490 Thread 0x000002ac8d5e2520 DEOPT UNPACKING pc=0x000002ac39493aa2 sp=0x000000d784afd0a8 mode 2
Event: 118.491 Thread 0x000002ac8d5e2520 Uncommon trap: trap_request=0xffffffd6 fr.pc=0x000002ac3a3f068c relative=0x000000000000134c
Event: 118.491 Thread 0x000002ac8d5e2520 Uncommon trap: reason=array_check action=maybe_recompile pc=0x000002ac3a3f068c method=java.util.TimSort.reverseRange([Ljava/lang/Object;II)V @ 20 c2
Event: 118.491 Thread 0x000002ac8d5e2520 DEOPT PACKING pc=0x000002ac3a3f068c sp=0x000000d784afe220
Event: 118.491 Thread 0x000002ac8d5e2520 DEOPT UNPACKING pc=0x000002ac39493aa2 sp=0x000000d784afe0c8 mode 2
Event: 118.767 Thread 0x000002ac8d5e2520 DEOPT PACKING pc=0x000002ac33c13772 sp=0x000000d784afe190
Event: 118.767 Thread 0x000002ac8d5e2520 DEOPT UNPACKING pc=0x000002ac39494242 sp=0x000000d784afd708 mode 0
Event: 118.781 Thread 0x000002ac8d5e2520 Uncommon trap: trap_request=0xffffffd6 fr.pc=0x000002ac3a3f068c relative=0x000000000000134c
Event: 118.781 Thread 0x000002ac8d5e2520 Uncommon trap: reason=array_check action=maybe_recompile pc=0x000002ac3a3f068c method=java.util.TimSort.reverseRange([Ljava/lang/Object;II)V @ 20 c2
Event: 118.781 Thread 0x000002ac8d5e2520 DEOPT PACKING pc=0x000002ac3a3f068c sp=0x000000d784afe2f0
Event: 118.782 Thread 0x000002ac8d5e2520 DEOPT UNPACKING pc=0x000002ac39493aa2 sp=0x000000d784afe198 mode 2
Event: 118.862 Thread 0x000002ac8d5e2520 Uncommon trap: trap_request=0xffffff45 fr.pc=0x000002ac3a0920d8 relative=0x0000000000000d98
Event: 118.862 Thread 0x000002ac8d5e2520 Uncommon trap: reason=unstable_if action=reinterpret pc=0x000002ac3a0920d8 method=java.util.HashMap.putVal(ILjava/lang/Object;Ljava/lang/Object;ZZ)Ljava/lang/Object; @ 94 c2
Event: 118.863 Thread 0x000002ac8d5e2520 DEOPT PACKING pc=0x000002ac3a0920d8 sp=0x000000d784afde90
Event: 118.863 Thread 0x000002ac8d5e2520 DEOPT UNPACKING pc=0x000002ac39493aa2 sp=0x000000d784afdd30 mode 2
Event: 118.926 Thread 0x000002ac8d5e2520 DEOPT PACKING pc=0x000002ac32761073 sp=0x000000d784afeed0
Event: 118.926 Thread 0x000002ac8d5e2520 DEOPT UNPACKING pc=0x000002ac39494242 sp=0x000000d784afe368 mode 0

Classes loaded (20 events):
Event: 88.598 Loading class java/util/stream/DistinctOps$1$2
Event: 88.599 Loading class java/util/stream/DistinctOps$1$2 done
Event: 90.934 Loading class jdk/internal/module/IllegalAccessLogger
Event: 90.934 Loading class jdk/internal/module/IllegalAccessLogger done
Event: 91.287 Loading class java/util/AbstractList$RandomAccessSubList
Event: 91.288 Loading class java/util/AbstractList$SubList
Event: 91.289 Loading class java/util/AbstractList$SubList done
Event: 91.289 Loading class java/util/AbstractList$RandomAccessSubList done
Event: 91.289 Loading class java/util/AbstractList$SubList$1
Event: 91.290 Loading class java/util/AbstractList$SubList$1 done
Event: 92.620 Loading class jdk/internal/ref/CleanerImpl$InnocuousThreadFactory
Event: 92.622 Loading class jdk/internal/ref/CleanerImpl$InnocuousThreadFactory done
Event: 101.356 Loading class java/lang/invoke/MethodHandleImpl$CountingWrapper$1
Event: 101.356 Loading class java/lang/invoke/MethodHandleImpl$CountingWrapper$1 done
Event: 111.318 Loading class java/io/CharArrayWriter
Event: 111.319 Loading class java/io/CharArrayWriter done
Event: 111.370 Loading class java/nio/file/attribute/PosixFileAttributes
Event: 111.370 Loading class java/nio/file/attribute/PosixFileAttributes done
Event: 111.417 Loading class sun/nio/fs/WindowsFileCopy
Event: 111.418 Loading class sun/nio/fs/WindowsFileCopy done

Classes unloaded (7 events):
Event: 18.107 Thread 0x000002ac457a4490 Unloading class 0x000002ac471acc00 'java/lang/invoke/LambdaForm$MH+0x000002ac471acc00'
Event: 18.107 Thread 0x000002ac457a4490 Unloading class 0x000002ac471ac800 'java/lang/invoke/LambdaForm$MH+0x000002ac471ac800'
Event: 18.107 Thread 0x000002ac457a4490 Unloading class 0x000002ac471ac400 'java/lang/invoke/LambdaForm$MH+0x000002ac471ac400'
Event: 18.107 Thread 0x000002ac457a4490 Unloading class 0x000002ac471ac000 'java/lang/invoke/LambdaForm$MH+0x000002ac471ac000'
Event: 18.107 Thread 0x000002ac457a4490 Unloading class 0x000002ac471abc00 'java/lang/invoke/LambdaForm$BMH+0x000002ac471abc00'
Event: 18.107 Thread 0x000002ac457a4490 Unloading class 0x000002ac471ab800 'java/lang/invoke/LambdaForm$DMH+0x000002ac471ab800'
Event: 18.107 Thread 0x000002ac457a4490 Unloading class 0x000002ac471aa400 'java/lang/invoke/LambdaForm$DMH+0x000002ac471aa400'

Classes redefined (0 events):
No events

Internal exceptions (20 events):
Event: 111.422 Thread 0x000002ac8d5e3f60 Exception <a 'sun/nio/fs/WindowsException'{0x00000000d55e49f0}> (0x00000000d55e49f0) 
thrown [s\src\hotspot\share\prims\jni.cpp, line 520]
Event: 111.445 Thread 0x000002ac8d5e3f60 Exception <a 'sun/nio/fs/WindowsException'{0x00000000d55e61f8}> (0x00000000d55e61f8) 
thrown [s\src\hotspot\share\prims\jni.cpp, line 520]
Event: 111.460 Thread 0x000002ac8d5e3f60 Exception <a 'sun/nio/fs/WindowsException'{0x00000000d55eb788}> (0x00000000d55eb788) 
thrown [s\src\hotspot\share\prims\jni.cpp, line 520]
Event: 111.494 Thread 0x000002ac8d5e3f60 Exception <a 'sun/nio/fs/WindowsException'{0x00000000d55ecf40}> (0x00000000d55ecf40) 
thrown [s\src\hotspot\share\prims\jni.cpp, line 520]
Event: 111.501 Thread 0x000002ac8d5e3f60 Exception <a 'sun/nio/fs/WindowsException'{0x00000000d55ee828}> (0x00000000d55ee828) 
thrown [s\src\hotspot\share\prims\jni.cpp, line 520]
Event: 111.514 Thread 0x000002ac8d5e3f60 Exception <a 'sun/nio/fs/WindowsException'{0x00000000d55f01c0}> (0x00000000d55f01c0) 
thrown [s\src\hotspot\share\prims\jni.cpp, line 520]
Event: 111.542 Thread 0x000002ac8d5e3f60 Exception <a 'sun/nio/fs/WindowsException'{0x00000000d55f1a80}> (0x00000000d55f1a80) 
thrown [s\src\hotspot\share\prims\jni.cpp, line 520]
Event: 111.557 Thread 0x000002ac8d5e3f60 Exception <a 'sun/nio/fs/WindowsException'{0x00000000d55f3478}> (0x00000000d55f3478) 
thrown [s\src\hotspot\share\prims\jni.cpp, line 520]
Event: 111.564 Thread 0x000002ac8d5e3f60 Exception <a 'sun/nio/fs/WindowsException'{0x00000000d55f4cf8}> (0x00000000d55f4cf8) 
thrown [s\src\hotspot\share\prims\jni.cpp, line 520]
Event: 111.577 Thread 0x000002ac8d5e3f60 Exception <a 'sun/nio/fs/WindowsException'{0x00000000d55f6610}> (0x00000000d55f6610) 
thrown [s\src\hotspot\share\prims\jni.cpp, line 520]
Event: 111.593 Thread 0x000002ac8d5e3f60 Exception <a 'sun/nio/fs/WindowsException'{0x00000000d55f7f20}> (0x00000000d55f7f20) 
thrown [s\src\hotspot\share\prims\jni.cpp, line 520]
Event: 111.613 Thread 0x000002ac8d5e3f60 Exception <a 'sun/nio/fs/WindowsException'{0x00000000d55f96d8}> (0x00000000d55f96d8) 
thrown [s\src\hotspot\share\prims\jni.cpp, line 520]
Event: 111.622 Thread 0x000002ac8d5e3f60 Exception <a 'sun/nio/fs/WindowsException'{0x00000000d55faed0}> (0x00000000d55faed0) 
thrown [s\src\hotspot\share\prims\jni.cpp, line 520]
Event: 111.637 Thread 0x000002ac8d5e3f60 Exception <a 'sun/nio/fs/WindowsException'{0x00000000d55fc7c8}> (0x00000000d55fc7c8) 
thrown [s\src\hotspot\share\prims\jni.cpp, line 520]
Event: 111.650 Thread 0x000002ac8d5e3f60 Exception <a 'sun/nio/fs/WindowsException'{0x00000000d5606560}> (0x00000000d5606560) 
thrown [s\src\hotspot\share\prims\jni.cpp, line 520]
Event: 111.665 Thread 0x000002ac8d5e3f60 Exception <a 'sun/nio/fs/WindowsException'{0x00000000d5607f08}> (0x00000000d5607f08) 
thrown [s\src\hotspot\share\prims\jni.cpp, line 520]
Event: 112.707 Thread 0x000002ac8d5e38d0 Exception <a 'java/lang/NoSuchMethodError'{0x00000000d5ae3cc8}: 'java.lang.Object java.lang.invoke.DirectMethodHandle$Holder.invokeStatic(java.lang.Object, java.lang.Object, int, java.lang.Object)'> (0x00000000d5ae3cc8) 
thrown [s\src\hotspot\share\interpreter\linkResolver.cpp, line 773]
Event: 113.128 Thread 0x000002ac8d5e2520 Exception <a 'sun/nio/fs/WindowsException'{0x00000000d5baf530}> (0x00000000d5baf530) 
thrown [s\src\hotspot\share\prims\jni.cpp, line 520]
Event: 113.253 Thread 0x000002ac8d5e2520 Exception <a 'sun/nio/fs/WindowsException'{0x00000000d5bc4db8}> (0x00000000d5bc4db8) 
thrown [s\src\hotspot\share\prims\jni.cpp, line 520]
Event: 113.295 Thread 0x000002ac8d5e2520 Implicit null exception at 0x000002ac3a0b31e2 to 0x000002ac3a0b3620

ZGC Phase Switch (0 events):
No events

VM Operations (20 events):
Event: 116.797 Executing safepoint VM operation: ParallelGCFailedAllocation (Allocation Failure)
Event: 116.805 Executing safepoint VM operation: ParallelGCFailedAllocation (Allocation Failure) done
Event: 117.315 Executing safepoint VM operation: ParallelGCFailedAllocation (Allocation Failure)
Event: 117.319 Executing safepoint VM operation: ParallelGCFailedAllocation (Allocation Failure) done
Event: 118.036 Executing safepoint VM operation: ParallelGCFailedAllocation (Allocation Failure)
Event: 118.043 Executing safepoint VM operation: ParallelGCFailedAllocation (Allocation Failure) done
Event: 118.336 Executing safepoint VM operation: ParallelGCFailedAllocation (Allocation Failure)
Event: 118.347 Executing safepoint VM operation: ParallelGCFailedAllocation (Allocation Failure) done
Event: 118.743 Executing safepoint VM operation: ParallelGCFailedAllocation (Allocation Failure)
Event: 118.755 Executing safepoint VM operation: ParallelGCFailedAllocation (Allocation Failure) done
Event: 118.834 Executing non-safepoint VM operation: HandshakeAllThreads (Deoptimize)
Event: 118.834 Executing non-safepoint VM operation: HandshakeAllThreads (Deoptimize) done
Event: 118.846 Executing non-safepoint VM operation: HandshakeAllThreads (Deoptimize)
Event: 118.847 Executing non-safepoint VM operation: HandshakeAllThreads (Deoptimize) done
Event: 119.847 Executing safepoint VM operation: Cleanup
Event: 119.847 Executing safepoint VM operation: Cleanup done
Event: 120.256 Executing non-safepoint VM operation: HandshakeAllThreads (HandshakeForDeflation)
Event: 120.256 Executing non-safepoint VM operation: HandshakeAllThreads (HandshakeForDeflation) done
Event: 120.256 Executing non-safepoint VM operation: RendezvousGCThreads
Event: 120.256 Executing non-safepoint VM operation: RendezvousGCThreads done

Memory protections (0 events):
No events

Nmethod flushes (20 events):
Event: 54.932 Thread 0x000002ac457a4490 flushing  nmethod 0x000002ac32830f90
Event: 54.932 Thread 0x000002ac457a4490 flushing osr nmethod 0x000002ac32861d10
Event: 54.932 Thread 0x000002ac457a4490 flushing  nmethod 0x000002ac3286a090
Event: 54.932 Thread 0x000002ac457a4490 flushing  nmethod 0x000002ac3287c010
Event: 54.932 Thread 0x000002ac457a4490 flushing  nmethod 0x000002ac3287fb10
Event: 54.932 Thread 0x000002ac457a4490 flushing  nmethod 0x000002ac32887390
Event: 54.932 Thread 0x000002ac457a4490 flushing  nmethod 0x000002ac3288bf10
Event: 54.932 Thread 0x000002ac457a4490 flushing  nmethod 0x000002ac32890d10
Event: 54.932 Thread 0x000002ac457a4490 flushing  nmethod 0x000002ac32894e10
Event: 54.932 Thread 0x000002ac457a4490 flushing  nmethod 0x000002ac3289a810
Event: 54.932 Thread 0x000002ac457a4490 flushing  nmethod 0x000002ac328ad190
Event: 54.932 Thread 0x000002ac457a4490 flushing  nmethod 0x000002ac328b5590
Event: 54.932 Thread 0x000002ac457a4490 flushing  nmethod 0x000002ac328cd210
Event: 54.932 Thread 0x000002ac457a4490 flushing  nmethod 0x000002ac328d0a10
Event: 54.932 Thread 0x000002ac457a4490 flushing  nmethod 0x000002ac3290a410
Event: 54.932 Thread 0x000002ac457a4490 flushing  nmethod 0x000002ac32916990
Event: 54.932 Thread 0x000002ac457a4490 flushing  nmethod 0x000002ac32916f90
Event: 54.932 Thread 0x000002ac457a4490 flushing  nmethod 0x000002ac3291a990
Event: 54.932 Thread 0x000002ac457a4490 flushing  nmethod 0x000002ac3291ad10
Event: 54.932 Thread 0x000002ac457a4490 flushing  nmethod 0x000002ac3291e690

Events (20 events):
Event: 108.845 Thread 0x000002ac9b3d9570 Thread exited: 0x000002ac9b3d9570
Event: 108.845 Thread 0x000002ac9b3d8ee0 Thread exited: 0x000002ac9b3d8ee0
Event: 108.845 Thread 0x000002ac9b3d7b30 Thread exited: 0x000002ac9b3d7b30
Event: 108.846 Thread 0x000002ac9b3d6e10 Thread exited: 0x000002ac9b3d6e10
Event: 109.480 Thread 0x000002ac8e3f74f0 Thread exited: 0x000002ac8e3f74f0
Event: 111.159 Thread 0x000002ac87c02310 Thread added: 0x000002ac8e3f9030
Event: 111.676 Thread 0x000002ac8e3f9030 Thread exited: 0x000002ac8e3f9030
Event: 112.624 Thread 0x000002ac87c02310 Thread added: 0x000002ac8e3f9030
Event: 112.656 Thread 0x000002ac87c02310 Thread added: 0x000002ac8e3f9700
Event: 113.072 Thread 0x000002ac8e3f9700 Thread exited: 0x000002ac8e3f9700
Event: 113.282 Thread 0x000002ac8e3f9030 Thread exited: 0x000002ac8e3f9030
Event: 113.619 Thread 0x000002ac87c02310 Thread added: 0x000002ac8e3f74f0
Event: 113.845 Thread 0x000002ac8e3f74f0 Thread exited: 0x000002ac8e3f74f0
Event: 114.221 Thread 0x000002ac457ba7a0 Thread added: 0x000002ac8e3f9030
Event: 114.286 Thread 0x000002ac87c02310 Thread added: 0x000002ac8e3f74f0
Event: 115.584 Thread 0x000002ac8e3f74f0 Thread exited: 0x000002ac8e3f74f0
Event: 117.940 Thread 0x000002ac8e3f9030 Thread exited: 0x000002ac8e3f9030
Event: 118.122 Thread 0x000002ac87c02310 Thread added: 0x000002ac8e3f9030
Event: 118.265 Thread 0x000002ac8e3f9030 Thread exited: 0x000002ac8e3f9030
Event: 118.365 Thread 0x000002ac87c02310 Thread added: 0x000002ac8e3f9030


Dynamic libraries:
0x00007ff6ea7d0000 - 0x00007ff6ea7de000 	c:\Users\gabri\.vscode\extensions\redhat.java-1.54.0-win32-x64\jre\21.0.10-win32-x86_64\bin\java.exe
0x00007ffaf3920000 - 0x00007ffaf3b87000 	C:\WINDOWS\SYSTEM32\ntdll.dll
0x00007ffaa09e0000 - 0x00007ffaa0a01000 	C:\Program Files\AVG\Antivirus\aswhook.dll
0x00007ffaf1f10000 - 0x00007ffaf1fd9000 	C:\WINDOWS\System32\KERNEL32.DLL
0x00007ffaf12a0000 - 0x00007ffaf1697000 	C:\WINDOWS\System32\KERNELBASE.dll
0x00007ffaf0830000 - 0x00007ffaf097b000 	C:\WINDOWS\System32\ucrtbase.dll
0x00007ffad3fe0000 - 0x00007ffad3ff8000 	c:\Users\gabri\.vscode\extensions\redhat.java-1.54.0-win32-x64\jre\21.0.10-win32-x86_64\bin\jli.dll
0x00007ffaf1cc0000 - 0x00007ffaf1e86000 	C:\WINDOWS\System32\USER32.dll
0x00007ffaf0620000 - 0x00007ffaf0647000 	C:\WINDOWS\System32\win32u.dll
0x00007ffaf23c0000 - 0x00007ffaf23eb000 	C:\WINDOWS\System32\GDI32.dll
0x00007ffaf0650000 - 0x00007ffaf077c000 	C:\WINDOWS\System32\gdi32full.dll
0x00007ffaf0980000 - 0x00007ffaf0a23000 	C:\WINDOWS\System32\msvcp_win.dll
0x00007ffad3fc0000 - 0x00007ffad3fde000 	c:\Users\gabri\.vscode\extensions\redhat.java-1.54.0-win32-x64\jre\21.0.10-win32-x86_64\bin\VCRUNTIME140.dll
0x00007ffacf730000 - 0x00007ffacf9c2000 	C:\WINDOWS\WinSxS\amd64_microsoft.windows.common-controls_6595b64144ccf1df_6.0.26100.8457_none_3e0b2faee331e92d\COMCTL32.dll
0x00007ffaf16a0000 - 0x00007ffaf1749000 	C:\WINDOWS\System32\msvcrt.dll
0x00007ffaf19d0000 - 0x00007ffaf1a02000 	C:\WINDOWS\System32\IMM32.DLL
0x00007ffadcde0000 - 0x00007ffadcdec000 	c:\Users\gabri\.vscode\extensions\redhat.java-1.54.0-win32-x64\jre\21.0.10-win32-x86_64\bin\vcruntime140_1.dll
0x00007ffa964a0000 - 0x00007ffa9652d000 	c:\Users\gabri\.vscode\extensions\redhat.java-1.54.0-win32-x64\jre\21.0.10-win32-x86_64\bin\msvcp140.dll
0x00007ffa258d0000 - 0x00007ffa26671000 	c:\Users\gabri\.vscode\extensions\redhat.java-1.54.0-win32-x64\jre\21.0.10-win32-x86_64\bin\server\jvm.dll
0x00007ffaf1fe0000 - 0x00007ffaf2096000 	C:\WINDOWS\System32\ADVAPI32.dll
0x00007ffaf2310000 - 0x00007ffaf23b7000 	C:\WINDOWS\System32\sechost.dll
0x00007ffaf2950000 - 0x00007ffaf2a68000 	C:\WINDOWS\System32\RPCRT4.dll
0x00007ffaf23f0000 - 0x00007ffaf2470000 	C:\WINDOWS\System32\WS2_32.dll
0x00007ffaf01d0000 - 0x00007ffaf022e000 	C:\WINDOWS\SYSTEM32\POWRPROF.dll
0x00007ffae94d0000 - 0x00007ffae94db000 	C:\WINDOWS\SYSTEM32\VERSION.dll
0x00007ffaed190000 - 0x00007ffaed1c6000 	C:\WINDOWS\SYSTEM32\WINMM.dll
0x00007ffaf01b0000 - 0x00007ffaf01c4000 	C:\WINDOWS\SYSTEM32\UMPDC.dll
0x00007ffaef0b0000 - 0x00007ffaef0cb000 	C:\WINDOWS\SYSTEM32\kernel.appcore.dll
0x00007ffadcc10000 - 0x00007ffadcc1a000 	c:\Users\gabri\.vscode\extensions\redhat.java-1.54.0-win32-x64\jre\21.0.10-win32-x86_64\bin\jimage.dll
0x00007ffaee1b0000 - 0x00007ffaee3f2000 	C:\WINDOWS\SYSTEM32\DBGHELP.DLL
0x00007ffaf24c0000 - 0x00007ffaf2843000 	C:\WINDOWS\System32\combase.dll
0x00007ffaf1be0000 - 0x00007ffaf1cb9000 	C:\WINDOWS\System32\OLEAUT32.dll
0x00007ffae3de0000 - 0x00007ffae3e1b000 	C:\WINDOWS\SYSTEM32\dbgcore.DLL
0x00007ffaf0780000 - 0x00007ffaf0828000 	C:\WINDOWS\System32\bcryptPrimitives.dll
0x00007ffadb5a0000 - 0x00007ffadb5af000 	c:\Users\gabri\.vscode\extensions\redhat.java-1.54.0-win32-x64\jre\21.0.10-win32-x86_64\bin\instrument.dll
0x00007ffad3da0000 - 0x00007ffad3dc0000 	c:\Users\gabri\.vscode\extensions\redhat.java-1.54.0-win32-x64\jre\21.0.10-win32-x86_64\bin\java.dll
0x00007ffaf2fd0000 - 0x00007ffaf373e000 	C:\WINDOWS\System32\SHELL32.dll
0x00007ffaf0a30000 - 0x00007ffaf129c000 	C:\WINDOWS\System32\windows.storage.dll
0x00007ffaf3750000 - 0x00007ffaf3846000 	C:\WINDOWS\System32\SHCORE.dll
0x00007ffaf1a10000 - 0x00007ffaf1a76000 	C:\WINDOWS\System32\shlwapi.dll
0x00007ffaf0270000 - 0x00007ffaf0299000 	C:\WINDOWS\SYSTEM32\profapi.dll
0x00007ffad3530000 - 0x00007ffad3548000 	c:\Users\gabri\.vscode\extensions\redhat.java-1.54.0-win32-x64\jre\21.0.10-win32-x86_64\bin\zip.dll
0x00007ffad4050000 - 0x00007ffad4060000 	C:\Users\gabri\.vscode\extensions\redhat.java-1.54.0-win32-x64\jre\21.0.10-win32-x86_64\bin\net.dll
0x00007ffaea800000 - 0x00007ffaea929000 	C:\WINDOWS\SYSTEM32\WINHTTP.dll
0x00007ffaef650000 - 0x00007ffaef6bc000 	C:\WINDOWS\system32\mswsock.dll
0x00007ffad3510000 - 0x00007ffad3526000 	C:\Users\gabri\.vscode\extensions\redhat.java-1.54.0-win32-x64\jre\21.0.10-win32-x86_64\bin\nio.dll
0x00007ffad3f20000 - 0x00007ffad3f30000 	c:\Users\gabri\.vscode\extensions\redhat.java-1.54.0-win32-x64\jre\21.0.10-win32-x86_64\bin\verify.dll
0x00007ffa9c960000 - 0x00007ffa9c9a5000 	C:\Users\gabri\AppData\Roaming\Code\User\globalStorage\redhat.java\1.54.0\config_win\org.eclipse.equinox.launcher\org.eclipse.equinox.launcher.win32.win32.x86_64_1.3.0.v20260203-2149\eclipse_11919.dll
0x00007ffaf20a0000 - 0x00007ffaf2237000 	C:\WINDOWS\System32\ole32.dll
0x00007ffaef940000 - 0x00007ffaef95b000 	C:\WINDOWS\SYSTEM32\CRYPTSP.dll
0x00007ffaef010000 - 0x00007ffaef049000 	C:\WINDOWS\system32\rsaenh.dll
0x00007ffaef700000 - 0x00007ffaef733000 	C:\WINDOWS\SYSTEM32\USERENV.dll
0x00007ffaf0240000 - 0x00007ffaf026a000 	C:\WINDOWS\SYSTEM32\bcrypt.dll
0x00007ffaef930000 - 0x00007ffaef93c000 	C:\WINDOWS\SYSTEM32\CRYPTBASE.dll
0x00007ffaeea90000 - 0x00007ffaeeac2000 	C:\WINDOWS\SYSTEM32\IPHLPAPI.DLL
0x00007ffaf2480000 - 0x00007ffaf248a000 	C:\WINDOWS\System32\NSI.dll
0x00007ffa865c0000 - 0x00007ffa86609000 	C:\Users\gabri\AppData\Local\Temp\jna-98110207\jna17005210977903398253.dll
0x00007ffaf19c0000 - 0x00007ffaf19c8000 	C:\WINDOWS\System32\PSAPI.DLL
0x00007ffaeaa50000 - 0x00007ffaeaa6d000 	C:\WINDOWS\SYSTEM32\dhcpcsvc6.DLL
0x00007ffaeaa10000 - 0x00007ffaeaa35000 	C:\WINDOWS\SYSTEM32\dhcpcsvc.DLL
0x00007ffad4070000 - 0x00007ffad407e000 	C:\Users\gabri\.vscode\extensions\redhat.java-1.54.0-win32-x64\jre\21.0.10-win32-x86_64\bin\sunmscapi.dll
0x00007ffaf0350000 - 0x00007ffaf04c8000 	C:\WINDOWS\System32\CRYPT32.dll
0x00007ffaefb50000 - 0x00007ffaefb80000 	C:\WINDOWS\SYSTEM32\ncrypt.dll
0x00007ffaefb00000 - 0x00007ffaefb3f000 	C:\WINDOWS\SYSTEM32\NTASN1.dll
0x00007ffaeeb80000 - 0x00007ffaeecb2000 	C:\WINDOWS\SYSTEM32\DNSAPI.dll
0x00007ffae92c0000 - 0x00007ffae92cb000 	C:\Windows\System32\rasadhlp.dll
0x00007ffaead90000 - 0x00007ffaeae16000 	C:\WINDOWS\System32\fwpuclnt.dll
0x00007ffad4060000 - 0x00007ffad4069000 	C:\Users\gabri\.vscode\extensions\redhat.java-1.54.0-win32-x64\jre\21.0.10-win32-x86_64\bin\extnet.dll
0x00007ffaef1e0000 - 0x00007ffaef216000 	C:\WINDOWS\SYSTEM32\ntmarta.dll

JVMTI agents:
c:\Users\gabri\.vscode\extensions\redhat.java-1.54.0-win32-x64\lombok\lombok-1.18.39-4050.jar path:c:\Users\gabri\.vscode\extensions\redhat.java-1.54.0-win32-x64\jre\21.0.10-win32-x86_64\bin\instrument.dll, loaded, initialized, instrumentlib options:none

dbghelp: loaded successfully - version: 4.0.5 - missing functions: none
symbol engine: initialized successfully - sym options: 0x614 - pdb path: .;c:\Users\gabri\.vscode\extensions\redhat.java-1.54.0-win32-x64\jre\21.0.10-win32-x86_64\bin;C:\WINDOWS\SYSTEM32;C:\Program Files\AVG\Antivirus;C:\WINDOWS\WinSxS\amd64_microsoft.windows.common-controls_6595b64144ccf1df_6.0.26100.8457_none_3e0b2faee331e92d;c:\Users\gabri\.vscode\extensions\redhat.java-1.54.0-win32-x64\jre\21.0.10-win32-x86_64\bin\server;C:\Users\gabri\AppData\Roaming\Code\User\globalStorage\redhat.java\1.54.0\config_win\org.eclipse.equinox.launcher\org.eclipse.equinox.launcher.win32.win32.x86_64_1.3.0.v20260203-2149;C:\Users\gabri\AppData\Local\Temp\jna-98110207

VM Arguments:
jvm_args: --add-modules=ALL-SYSTEM --add-opens=java.base/java.util=ALL-UNNAMED --add-opens=java.base/java.lang=ALL-UNNAMED --add-opens=java.base/sun.nio.fs=ALL-UNNAMED -Declipse.application=org.eclipse.jdt.ls.core.id1 -Dosgi.bundles.defaultStartLevel=4 -Declipse.product=org.eclipse.jdt.ls.core.product -Djava.import.generatesMetadataFilesAtProjectRoot=false -DDetectVMInstallationsJob.disabled=true -Dfile.encoding=utf8 -XX:+UseParallelGC -XX:GCTimeRatio=4 -XX:AdaptiveSizePolicyWeight=90 -Dsun.zip.disableMemoryMapping=true -Xmx2G -Xms100m -Xlog:disable -javaagent:c:\Users\gabri\.vscode\extensions\redhat.java-1.54.0-win32-x64\lombok\lombok-1.18.39-4050.jar -XX:+HeapDumpOnOutOfMemoryError -XX:HeapDumpPath=c:\Users\gabri\AppData\Roaming\Code\User\workspaceStorage\41177c61a576466bae8518b209a7c761\redhat.java -Daether.dependencyCollector.impl=bf 
java_command: c:\Users\gabri\.vscode\extensions\redhat.java-1.54.0-win32-x64\server\plugins\org.eclipse.equinox.launcher_1.7.100.v20251111-0406.jar -configuration c:\Users\gabri\AppData\Roaming\Code\User\globalStorage\redhat.java\1.54.0\config_win -data c:\Users\gabri\AppData\Roaming\Code\User\workspaceStorage\41177c61a576466bae8518b209a7c761\redhat.java\jdt_ws --pipe=\\.\pipe\lsp-e0f42e80663064a49873fd44738897fc-sock
java_class_path (initial): c:\Users\gabri\.vscode\extensions\redhat.java-1.54.0-win32-x64\server\plugins\org.eclipse.equinox.launcher_1.7.100.v20251111-0406.jar
Launcher Type: SUN_STANDARD

[Global flags]
    uintx AdaptiveSizePolicyWeight                 = 90                                        {product} {command line}
     intx CICompilerCount                          = 4                                         {product} {ergonomic}
    uintx GCTimeRatio                              = 4                                         {product} {command line}
     bool HeapDumpOnOutOfMemoryError               = true                                   {manageable} {command line}
    ccstr HeapDumpPath                             = c:\Users\gabri\AppData\Roaming\Code\User\workspaceStorage\41177c61a576466bae8518b209a7c761\redhat.java         {manageable} {command line}
   size_t InitialHeapSize                          = 104857600                                 {product} {command line}
   size_t MaxHeapSize                              = 2147483648                                {product} {command line}
   size_t MaxNewSize                               = 715653120                                 {product} {ergonomic}
   size_t MinHeapDeltaBytes                        = 524288                                    {product} {ergonomic}
   size_t MinHeapSize                              = 104857600                                 {product} {command line}
   size_t NewSize                                  = 34603008                                  {product} {ergonomic}
    uintx NonNMethodCodeHeapSize                   = 5839372                                {pd product} {ergonomic}
    uintx NonProfiledCodeHeapSize                  = 122909434                              {pd product} {ergonomic}
   size_t OldSize                                  = 70254592                                  {product} {ergonomic}
    uintx ProfiledCodeHeapSize                     = 122909434                              {pd product} {ergonomic}
    uintx ReservedCodeCacheSize                    = 251658240                              {pd product} {ergonomic}
     bool SegmentedCodeCache                       = true                                      {product} {ergonomic}
   size_t SoftMaxHeapSize                          = 2147483648                             {manageable} {ergonomic}
     bool UseCompressedOops                        = true                           {product lp64_product} {ergonomic}
     bool UseLargePagesIndividualAllocation        = false                                  {pd product} {ergonomic}
     bool UseParallelGC                            = true                                      {product} {command line}

Logging:
Log output configuration:
 #0: stdout all=off uptime,level,tags foldmultilines=false
 #1: stderr all=off uptime,level,tags foldmultilines=false

Release file:
JAVA_VERSION="21.0.10" 
MODULES="java.base java.compiler java.datatransfer java.xml java.prefs java.desktop java.instrument java.logging java.management java.security.sasl java.naming java.rmi java.management.rmi java.net.http java.scripting java.security.jgss java.transaction.xa java.sql java.sql.rowset java.xml.crypto java.se java.smartcardio jdk.accessibility jdk.internal.jvmstat jdk.attach jdk.charsets jdk.internal.opt jdk.zipfs jdk.compiler jdk.crypto.ec jdk.crypto.cryptoki jdk.crypto.mscapi jdk.dynalink jdk.internal.ed jdk.editpad jdk.hotspot.agent jdk.httpserver jdk.internal.le jdk.internal.vm.ci jdk.internal.vm.compiler jdk.internal.vm.compiler.management jdk.jartool jdk.javadoc jdk.jcmd jdk.management jdk.management.agent jdk.jconsole jdk.jdeps jdk.jdwp.agent jdk.jdi jdk.jfr jdk.jshell jdk.jsobject jdk.jstatd jdk.localedata jdk.management.jfr jdk.naming.dns jdk.naming.rmi jdk.net jdk.nio.mapmode jdk.random jdk.sctp jdk.security.auth jdk.security.jgss jdk.unsupported jdk.unsupported.desktop jdk.xml.dom" 

Environment Variables:
JAVA_HOME=C:\Program Files\Java\jdk-21.0.10
PATH=C:\Users\gabri\AppData\Local\Programs\Microsoft VS Code;C:\Program Files\Java\jdk-21\bin;C:\Program Files\Common Files\Oracle\Java\javapath;C:\Program Files (x86)\Common Files\Oracle\Java\java8path;C:\WINDOWS\system32;C:\WINDOWS;C:\WINDOWS\System32\Wbem;C:\WINDOWS\System32\WindowsPowerShell\v1.0\;C:\WINDOWS\System32\OpenSSH\;C:\Program Files\dotnet\;C:\Python39;C:\Program Files\Java\jdk-21\bin;C:\Program Files\Git\cmd;C:\Program Files\Microsoft SQL Server\Client SDK\ODBC\170\Tools\Binn\;C:\Program Files (x86)\Microsoft SQL Server\150\Tools\Binn\;C:\Program Files\Microsoft SQL Server\150\Tools\Binn\;C:\Program Files\Microsoft SQL Server\150\DTS\Binn\;C:\Program Files (x86)\Microsoft SQL Server\160\Tools\Binn\;C:\Program Files\Microsoft SQL Server\160\Tools\Binn\;C:\Program Files\Microsoft SQL Server\160\DTS\Binn\;C:\Program Files\nodejs\;%MAVEN_HOME%\bin;;C:\Program Files\Docker\Docker\resources\bin;C:\Users\gabri\.anaconda\anaconda2;C:\Users\gabri\.anaconda\anaconda2\Library\mingw-w64\bin;C:\Users\gabri\.anaconda\anaconda2\Library\usr\bin;C:\Users\gabri\.anaconda\anaconda2\Library\bin;C:\Users\gabri\.anaconda\anaconda2\Scripts;C:\Users\gabri\AppData\Local\Programs\Python\Python312\Scripts\;C:\Users\gabri\AppData\Local\Programs\Python\Python312\;C:\Program Files (x86)\Common Files\Oracle\Java\javapath;C:\Windows\system32;C:\Windows;C:\Windows\System32\Wbem;C:\Windows\System32\WindowsPowerShell\v1.0\;C:\Windows\System32\OpenSSH\;C:\Program Files\dotnet\;C:\Python39;C:\Users\gabri\AppData\Local\Microsoft\WindowsApps;C:\Users\gabri\AppData\Local\Programs\Microsoft VS Code\bin;C:\Users\gabri\AppData\Roaming\npm;C:\Users\gabri\AppData\Local\Microsoft\WindowsApps;C:\Users\gabri\AppData\Local\Programs\Antigravity\bin
USERNAME=gabri
OS=Windows_NT
PROCESSOR_IDENTIFIER=Intel64 Family 6 Model 154 Stepping 4, GenuineIntel
TMP=C:\Users\gabri\AppData\Local\Temp
TEMP=C:\Users\gabri\AppData\Local\Temp




Periodic native trim disabled

---------------  S Y S T E M  ---------------

OS:
 Windows 11 , 64 bit Build 26100 (10.0.26100.8328)
OS uptime: 1 days 22:20 hours
Hyper-V role detected

CPU: total 12 (initial active 12) (6 cores per cpu, 2 threads per core) family 6 model 154 stepping 4 microcode 0x43b, cx8, cmov, fxsr, ht, mmx, 3dnowpref, sse, sse2, sse3, ssse3, sse4.1, sse4.2, popcnt, lzcnt, tsc, tscinvbit, avx, avx2, aes, erms, clmul, bmi1, bmi2, adx, sha, fma, vzeroupper, clflush, clflushopt, clwb, hv, serialize, rdtscp, rdpid, fsrm, f16c, cet_ibt, cet_ss
Processor Information for processor 0
  Max Mhz: 1700, Current Mhz: 1700, Mhz Limit: 1700
Processor Information for processor 1
  Max Mhz: 1700, Current Mhz: 1700, Mhz Limit: 1700
Processor Information for processor 2
  Max Mhz: 1700, Current Mhz: 1700, Mhz Limit: 1700
Processor Information for processor 3
  Max Mhz: 1700, Current Mhz: 1700, Mhz Limit: 1700
Processor Information for processor 4
  Max Mhz: 1700, Current Mhz: 1558, Mhz Limit: 1700
Processor Information for processor 5
  Max Mhz: 1700, Current Mhz: 1700, Mhz Limit: 1700
Processor Information for processor 6
  Max Mhz: 1700, Current Mhz: 1700, Mhz Limit: 1700
Processor Information for processor 7
  Max Mhz: 1700, Current Mhz: 1700, Mhz Limit: 1700
Processor Information for processor 8
  Max Mhz: 1700, Current Mhz: 1558, Mhz Limit: 1700
Processor Information for processor 9
  Max Mhz: 1700, Current Mhz: 1558, Mhz Limit: 1700
Processor Information for processor 10
  Max Mhz: 1700, Current Mhz: 1558, Mhz Limit: 1700
Processor Information for processor 11
  Max Mhz: 1700, Current Mhz: 1558, Mhz Limit: 1700

Memory: 4k page, system-wide physical 16068M (565M free)
TotalPageFile size 23793M (AvailPageFile size 166M)
current process WorkingSet (physical memory assigned to process): 492M, peak: 497M
current process commit charge ("private bytes"): 573M, peak: 576M

vm_info: OpenJDK 64-Bit Server VM (21.0.10+7-LTS) for windows-amd64 JRE (21.0.10+7-LTS), built on 2026-01-20T00:00:00Z by "admin" with MS VC++ 17.12 (VS2022)

END.
